16:14:04 **** Clean-only build of configuration Debug for project ROOM_TEMPERATURE ****
make -j12 clean 
rm -rf ./Drivers/STM32F7xx_HAL_Driver/Src/stm32f7xx_hal.cyclo ./Drivers/STM32F7xx_HAL_Driver/Src/stm32f7xx_hal.d ./Drivers/STM32F7xx_HAL_Driver/Src/stm32f7xx_hal.o ./Drivers/STM32F7xx_HAL_Driver/Src/stm32f7xx_hal.su ./Drivers/STM32F7xx_HAL_Driver/Src/stm32f7xx_hal_cortex.cyclo ./Drivers/STM32F7xx_HAL_Driver/Src/stm32f7xx_hal_cortex.d ./Drivers/STM32F7xx_HAL_Driver/Src/stm32f7xx_hal_cortex.o ./Drivers/STM32F7xx_HAL_Driver/Src/stm32f7xx_hal_cortex.su ./Drivers/STM32F7xx_HAL_Driver/Src/stm32f7xx_hal_dma.cyclo ./Drivers/STM32F7xx_HAL_Driver/Src/stm32f7xx_hal_dma.d ./Drivers/STM32F7xx_HAL_Driver/Src/stm32f7xx_hal_dma.o ./Drivers/STM32F7xx_HAL_Driver/Src/stm32f7xx_hal_dma.su ./Drivers/STM32F7xx_HAL_Driver/Src/stm32f7xx_hal_dma_ex.cyclo ./Drivers/STM32F7xx_HAL_Driver/Src/stm32f7xx_hal_dma_ex.d ./Drivers/STM32F7xx_HAL_Driver/Src/stm32f7xx_hal_dma_ex.o ./Drivers/STM32F7xx_HAL_Driver/Src/stm32f7xx_hal_dma_ex.su ./Drivers/STM32F7xx_HAL_Driver/Src/stm32f7xx_hal_eth.cyclo ./Drivers/STM32F7xx_HAL_Driver/Src/stm32f7xx_hal_eth.d ./Drivers/STM32F7xx_HAL_Driver/Src/stm32f7xx_hal_eth.o ./Drivers/STM32F7xx_HAL_Driver/Src/stm32f7xx_hal_eth.su ./Drivers/STM32F7xx_HAL_Driver/Src/stm32f7xx_hal_exti.cyclo ./Drivers/STM32F7xx_HAL_Driver/Src/stm32f7xx_hal_exti.d ./Drivers/STM32F7xx_HAL_Driver/Src/stm32f7xx_hal_exti.o ./Drivers/STM32F7xx_HAL_Driver/Src/stm32f7xx_hal_exti.su ./Drivers/STM32F7xx_HAL_Driver/Src/stm32f7xx_hal_flash.cyclo ./Drivers/STM32F7xx_HAL_Driver/Src/stm32f7xx_hal_flash.d ./Drivers/STM32F7xx_HAL_Driver/Src/stm32f7xx_hal_flash.o ./Drivers/STM32F7xx_HAL_Driver/Src/stm32f7xx_hal_flash.su ./Drivers/STM32F7xx_HAL_Driver/Src/stm32f7xx_hal_flash_ex.cyclo ./Drivers/STM32F7xx_HAL_Driver/Src/stm32f7xx_hal_flash_ex.d ./Drivers/STM32F7xx_HAL_Driver/Src/stm32f7xx_hal_flash_ex.o ./Drivers/STM32F7xx_HAL_Driver/Src/stm32f7xx_hal_flash_ex.su ./Drivers/STM32F7xx_HAL_Driver/Src/stm32f7xx_hal_gpio.cyclo ./Drivers/STM32F7xx_HAL_Driver/Src/stm32f7xx_hal_gpio.d ./Drivers/STM32F7xx_HAL_Driver/Src/stm32f7xx_hal_gpio.o ./Drivers/STM32F7xx_HAL_Driver/Src/stm32f7xx_hal_gpio.su ./Drivers/STM32F7xx_HAL_Driver/Src/stm32f7xx_hal_i2c.cyclo ./Drivers/STM32F7xx_HAL_Driver/Src/stm32f7xx_hal_i2c.d ./Drivers/STM32F7xx_HAL_Driver/Src/stm32f7xx_hal_i2c.o ./Drivers/STM32F7xx_HAL_Driver/Src/stm32f7xx_hal_i2c.su ./Drivers/STM32F7xx_HAL_Driver/Src/stm32f7xx_hal_i2c_ex.cyclo ./Drivers/STM32F7xx_HAL_Driver/Src/stm32f7xx_hal_i2c_ex.d ./Drivers/STM32F7xx_HAL_Driver/Src/stm32f7xx_hal_i2c_ex.o ./Drivers/STM32F7xx_HAL_Driver/Src/stm32f7xx_hal_i2c_ex.su ./Drivers/STM32F7xx_HAL_Driver/Src/stm32f7xx_hal_pcd.cyclo ./Drivers/STM32F7xx_HAL_Driver/Src/stm32f7xx_hal_pcd.d ./Drivers/STM32F7xx_HAL_Driver/Src/stm32f7xx_hal_pcd.o ./Drivers/STM32F7xx_HAL_Driver/Src/stm32f7xx_hal_pcd.su ./Drivers/STM32F7xx_HAL_Driver/Src/stm32f7xx_hal_pcd_ex.cyclo ./Drivers/STM32F7xx_HAL_Driver/Src/stm32f7xx_hal_pcd_ex.d ./Drivers/STM32F7xx_HAL_Driver/Src/stm32f7xx_hal_pcd_ex.o ./Drivers/STM32F7xx_HAL_Driver/Src/stm32f7xx_hal_pcd_ex.su ./Drivers/STM32F7xx_HAL_Driver/Src/stm32f7xx_hal_pwr.cyclo ./Drivers/STM32F7xx_HAL_Driver/Src/stm32f7xx_hal_pwr.d ./Drivers/STM32F7xx_HAL_Driver/Src/stm32f7xx_hal_pwr.o ./Drivers/STM32F7xx_HAL_Driver/Src/stm32f7xx_hal_pwr.su ./Drivers/STM32F7xx_HAL_Driver/Src/stm32f7xx_hal_pwr_ex.cyclo ./Drivers/STM32F7xx_HAL_Driver/Src/stm32f7xx_hal_pwr_ex.d ./Drivers/STM32F7xx_HAL_Driver/Src/stm32f7xx_hal_pwr_ex.o ./Drivers/STM32F7xx_HAL_Driver/Src/stm32f7xx_hal_pwr_ex.su ./Drivers/STM32F7xx_HAL_Driver/Src/stm32f7xx_hal_rcc.cyclo ./Drivers/STM32F7xx_HAL_Driver/Src/stm32f7xx_hal_rcc.d ./Drivers/STM32F7xx_HAL_Driver/Src/stm32f7xx_hal_rcc.o ./Drivers/STM32F7xx_HAL_Driver/Src/stm32f7xx_hal_rcc.su ./Drivers/STM32F7xx_HAL_Driver/Src/stm32f7xx_hal_rcc_ex.cyclo ./Drivers/STM32F7xx_HAL_Driver/Src/stm32f7xx_hal_rcc_ex.d ./Drivers/STM32F7xx_HAL_Driver/Src/stm32f7xx_hal_rcc_ex.o ./Drivers/STM32F7xx_HAL_Driver/Src/stm32f7xx_hal_rcc_ex.su ./Drivers/STM32F7xx_HAL_Driver/Src/stm32f7xx_hal_spi.cyclo ./Drivers/STM32F7xx_HAL_Driver/Src/stm32f7xx_hal_spi.d ./Drivers/STM32F7xx_HAL_Driver/Src/stm32f7xx_hal_spi.o ./Drivers/STM32F7xx_HAL_Driver/Src/stm32f7xx_hal_spi.su ./Drivers/STM32F7xx_HAL_Driver/Src/stm32f7xx_hal_spi_ex.cyclo ./Drivers/STM32F7xx_HAL_Driver/Src/stm32f7xx_hal_spi_ex.d ./Drivers/STM32F7xx_HAL_Driver/Src/stm32f7xx_hal_spi_ex.o ./Drivers/STM32F7xx_HAL_Driver/Src/stm32f7xx_hal_spi_ex.su ./Drivers/STM32F7xx_HAL_Driver/Src/stm32f7xx_hal_tim.cyclo ./Drivers/STM32F7xx_HAL_Driver/Src/stm32f7xx_hal_tim.d ./Drivers/STM32F7xx_HAL_Driver/Src/stm32f7xx_hal_tim.o ./Drivers/STM32F7xx_HAL_Driver/Src/stm32f7xx_hal_tim.su ./Drivers/STM32F7xx_HAL_Driver/Src/stm32f7xx_hal_tim_ex.cyclo ./Drivers/STM32F7xx_HAL_Driver/Src/stm32f7xx_hal_tim_ex.d ./Drivers/STM32F7xx_HAL_Driver/Src/stm32f7xx_hal_tim_ex.o ./Drivers/STM32F7xx_HAL_Driver/Src/stm32f7xx_hal_tim_ex.su ./Drivers/STM32F7xx_HAL_Driver/Src/stm32f7xx_hal_uart.cyclo ./Drivers/STM32F7xx_HAL_Driver/Src/stm32f7xx_hal_uart.d ./Drivers/STM32F7xx_HAL_Driver/Src/stm32f7xx_hal_uart.o ./Drivers/STM32F7xx_HAL_Driver/Src/stm32f7xx_hal_uart.su ./Drivers/STM32F7xx_HAL_Driver/Src/stm32f7xx_hal_uart_ex.cyclo ./Drivers/STM32F7xx_HAL_Driver/Src/stm32f7xx_hal_uart_ex.d ./Drivers/STM32F7xx_HAL_Driver/Src/stm32f7xx_hal_uart_ex.o ./Drivers/STM32F7xx_HAL_Driver/Src/stm32f7xx_hal_uart_ex.su ./Drivers/STM32F7xx_HAL_Driver/Src/stm32f7xx_ll_usb.cyclo ./Drivers/STM32F7xx_HAL_Driver/Src/stm32f7xx_ll_usb.d ./Drivers/STM32F7xx_HAL_Driver/Src/stm32f7xx_ll_usb.o ./Drivers/STM32F7xx_HAL_Driver/Src/stm32f7xx_ll_usb.su
rm -rf ./Core/Startup/startup_stm32f746zgtx.d ./Core/Startup/startup_stm32f746zgtx.o
rm -rf ./Core/Src/BMXX80.cyclo ./Core/Src/BMXX80.d ./Core/Src/BMXX80.o ./Core/Src/BMXX80.su ./Core/Src/eth.cyclo ./Core/Src/eth.d ./Core/Src/eth.o ./Core/Src/eth.su ./Core/Src/gpio.cyclo ./Core/Src/gpio.d ./Core/Src/gpio.o ./Core/Src/gpio.su ./Core/Src/i2c.cyclo ./Core/Src/i2c.d ./Core/Src/i2c.o ./Core/Src/i2c.su ./Core/Src/main.cyclo ./Core/Src/main.d ./Core/Src/main.o ./Core/Src/main.su ./Core/Src/spi.cyclo ./Core/Src/spi.d ./Core/Src/spi.o ./Core/Src/spi.su ./Core/Src/stm32f7xx_hal_msp.cyclo ./Core/Src/stm32f7xx_hal_msp.d ./Core/Src/stm32f7xx_hal_msp.o ./Core/Src/stm32f7xx_hal_msp.su ./Core/Src/stm32f7xx_it.cyclo ./Core/Src/stm32f7xx_it.d ./Core/Src/stm32f7xx_it.o ./Core/Src/stm32f7xx_it.su ./Core/Src/syscalls.cyclo ./Core/Src/syscalls.d ./Core/Src/syscalls.o ./Core/Src/syscalls.su ./Core/Src/sysmem.cyclo ./Core/Src/sysmem.d ./Core/Src/sysmem.o ./Core/Src/sysmem.su ./Core/Src/system_stm32f7xx.cyclo ./Core/Src/system_stm32f7xx.d ./Core/Src/system_stm32f7xx.o ./Core/Src/system_stm32f7xx.su ./Core/Src/tim.cyclo ./Core/Src/tim.d ./Core/Src/tim.o ./Core/Src/tim.su ./Core/Src/usart.cyclo ./Core/Src/usart.d ./Core/Src/usart.o ./Core/Src/usart.su ./Core/Src/usb_otg.cyclo ./Core/Src/usb_otg.d ./Core/Src/usb_otg.o ./Core/Src/usb_otg.su
rm -rf ROOM_TEMPERATURE.elf ROOM_TEMPERATURE.list ROOM_TEMPERATURE.map default.size.stdout
 
16:14:04 **** Build of configuration Debug for project ROOM_TEMPERATURE ****
make -j12 all 
arm-none-eabi-gcc "../Drivers/STM32F7xx_HAL_Driver/Src/stm32f7xx_hal.c" -mcpu=cortex-m7 -std=gnu11 -g3 -DDEBUG -DUSE_HAL_DRIVER -DSTM32F746xx -c -I../Core/Inc -I../Drivers/STM32F7xx_HAL_Driver/Inc -I../Drivers/STM32F7xx_HAL_Driver/Inc/Legacy -I../Drivers/CMSIS/Device/ST/STM32F7xx/Include -I../Drivers/CMSIS/Include -O0 -ffunction-sections -fdata-sections -Wall -fstack-usage -fcyclomatic-complexity -MMD -MP -MF"Drivers/STM32F7xx_HAL_Driver/Src/stm32f7xx_hal.d" -MT"Drivers/STM32F7xx_HAL_Driver/Src/stm32f7xx_hal.o" --specs=nano.specs -mfpu=fpv5-sp-d16 -mfloat-abi=hard -mthumb -o "Drivers/STM32F7xx_HAL_Driver/Src/stm32f7xx_hal.o"
arm-none-eabi-gcc "../Drivers/STM32F7xx_HAL_Driver/Src/stm32f7xx_hal_cortex.c" -mcpu=cortex-m7 -std=gnu11 -g3 -DDEBUG -DUSE_HAL_DRIVER -DSTM32F746xx -c -I../Core/Inc -I../Drivers/STM32F7xx_HAL_Driver/Inc -I../Drivers/STM32F7xx_HAL_Driver/Inc/Legacy -I../Drivers/CMSIS/Device/ST/STM32F7xx/Include -I../Drivers/CMSIS/Include -O0 -ffunction-sections -fdata-sections -Wall -fstack-usage -fcyclomatic-complexity -MMD -MP -MF"Drivers/STM32F7xx_HAL_Driver/Src/stm32f7xx_hal_cortex.d" -MT"Drivers/STM32F7xx_HAL_Driver/Src/stm32f7xx_hal_cortex.o" --specs=nano.specs -mfpu=fpv5-sp-d16 -mfloat-abi=hard -mthumb -o "Drivers/STM32F7xx_HAL_Driver/Src/stm32f7xx_hal_cortex.o"
arm-none-eabi-gcc "../Drivers/STM32F7xx_HAL_Driver/Src/stm32f7xx_hal_dma.c" -mcpu=cortex-m7 -std=gnu11 -g3 -DDEBUG -DUSE_HAL_DRIVER -DSTM32F746xx -c -I../Core/Inc -I../Drivers/STM32F7xx_HAL_Driver/Inc -I../Drivers/STM32F7xx_HAL_Driver/Inc/Legacy -I../Drivers/CMSIS/Device/ST/STM32F7xx/Include -I../Drivers/CMSIS/Include -O0 -ffunction-sections -fdata-sections -Wall -fstack-usage -fcyclomatic-complexity -MMD -MP -MF"Drivers/STM32F7xx_HAL_Driver/Src/stm32f7xx_hal_dma.d" -MT"Drivers/STM32F7xx_HAL_Driver/Src/stm32f7xx_hal_dma.o" --specs=nano.specs -mfpu=fpv5-sp-d16 -mfloat-abi=hard -mthumb -o "Drivers/STM32F7xx_HAL_Driver/Src/stm32f7xx_hal_dma.o"
arm-none-eabi-gcc "../Drivers/STM32F7xx_HAL_Driver/Src/stm32f7xx_hal_dma_ex.c" -mcpu=cortex-m7 -std=gnu11 -g3 -DDEBUG -DUSE_HAL_DRIVER -DSTM32F746xx -c -I../Core/Inc -I../Drivers/STM32F7xx_HAL_Driver/Inc -I../Drivers/STM32F7xx_HAL_Driver/Inc/Legacy -I../Drivers/CMSIS/Device/ST/STM32F7xx/Include -I../Drivers/CMSIS/Include -O0 -ffunction-sections -fdata-sections -Wall -fstack-usage -fcyclomatic-complexity -MMD -MP -MF"Drivers/STM32F7xx_HAL_Driver/Src/stm32f7xx_hal_dma_ex.d" -MT"Drivers/STM32F7xx_HAL_Driver/Src/stm32f7xx_hal_dma_ex.o" --specs=nano.specs -mfpu=fpv5-sp-d16 -mfloat-abi=hard -mthumb -o "Drivers/STM32F7xx_HAL_Driver/Src/stm32f7xx_hal_dma_ex.o"
arm-none-eabi-gcc "../Drivers/STM32F7xx_HAL_Driver/Src/stm32f7xx_hal_eth.c" -mcpu=cortex-m7 -std=gnu11 -g3 -DDEBUG -DUSE_HAL_DRIVER -DSTM32F746xx -c -I../Core/Inc -I../Drivers/STM32F7xx_HAL_Driver/Inc -I../Drivers/STM32F7xx_HAL_Driver/Inc/Legacy -I../Drivers/CMSIS/Device/ST/STM32F7xx/Include -I../Drivers/CMSIS/Include -O0 -ffunction-sections -fdata-sections -Wall -fstack-usage -fcyclomatic-complexity -MMD -MP -MF"Drivers/STM32F7xx_HAL_Driver/Src/stm32f7xx_hal_eth.d" -MT"Drivers/STM32F7xx_HAL_Driver/Src/stm32f7xx_hal_eth.o" --specs=nano.specs -mfpu=fpv5-sp-d16 -mfloat-abi=hard -mthumb -o "Drivers/STM32F7xx_HAL_Driver/Src/stm32f7xx_hal_eth.o"
arm-none-eabi-gcc "../Drivers/STM32F7xx_HAL_Driver/Src/stm32f7xx_hal_exti.c" -mcpu=cortex-m7 -std=gnu11 -g3 -DDEBUG -DUSE_HAL_DRIVER -DSTM32F746xx -c -I../Core/Inc -I../Drivers/STM32F7xx_HAL_Driver/Inc -I../Drivers/STM32F7xx_HAL_Driver/Inc/Legacy -I../Drivers/CMSIS/Device/ST/STM32F7xx/Include -I../Drivers/CMSIS/Include -O0 -ffunction-sections -fdata-sections -Wall -fstack-usage -fcyclomatic-complexity -MMD -MP -MF"Drivers/STM32F7xx_HAL_Driver/Src/stm32f7xx_hal_exti.d" -MT"Drivers/STM32F7xx_HAL_Driver/Src/stm32f7xx_hal_exti.o" --specs=nano.specs -mfpu=fpv5-sp-d16 -mfloat-abi=hard -mthumb -o "Drivers/STM32F7xx_HAL_Driver/Src/stm32f7xx_hal_exti.o"
arm-none-eabi-gcc "../Drivers/STM32F7xx_HAL_Driver/Src/stm32f7xx_hal_flash.c" -mcpu=cortex-m7 -std=gnu11 -g3 -DDEBUG -DUSE_HAL_DRIVER -DSTM32F746xx -c -I../Core/Inc -I../Drivers/STM32F7xx_HAL_Driver/Inc -I../Drivers/STM32F7xx_HAL_Driver/Inc/Legacy -I../Drivers/CMSIS/Device/ST/STM32F7xx/Include -I../Drivers/CMSIS/Include -O0 -ffunction-sections -fdata-sections -Wall -fstack-usage -fcyclomatic-complexity -MMD -MP -MF"Drivers/STM32F7xx_HAL_Driver/Src/stm32f7xx_hal_flash.d" -MT"Drivers/STM32F7xx_HAL_Driver/Src/stm32f7xx_hal_flash.o" --specs=nano.specs -mfpu=fpv5-sp-d16 -mfloat-abi=hard -mthumb -o "Drivers/STM32F7xx_HAL_Driver/Src/stm32f7xx_hal_flash.o"
arm-none-eabi-gcc "../Drivers/STM32F7xx_HAL_Driver/Src/stm32f7xx_hal_flash_ex.c" -mcpu=cortex-m7 -std=gnu11 -g3 -DDEBUG -DUSE_HAL_DRIVER -DSTM32F746xx -c -I../Core/Inc -I../Drivers/STM32F7xx_HAL_Driver/Inc -I../Drivers/STM32F7xx_HAL_Driver/Inc/Legacy -I../Drivers/CMSIS/Device/ST/STM32F7xx/Include -I../Drivers/CMSIS/Include -O0 -ffunction-sections -fdata-sections -Wall -fstack-usage -fcyclomatic-complexity -MMD -MP -MF"Drivers/STM32F7xx_HAL_Driver/Src/stm32f7xx_hal_flash_ex.d" -MT"Drivers/STM32F7xx_HAL_Driver/Src/stm32f7xx_hal_flash_ex.o" --specs=nano.specs -mfpu=fpv5-sp-d16 -mfloat-abi=hard -mthumb -o "Drivers/STM32F7xx_HAL_Driver/Src/stm32f7xx_hal_flash_ex.o"
arm-none-eabi-gcc "../Drivers/STM32F7xx_HAL_Driver/Src/stm32f7xx_hal_gpio.c" -mcpu=cortex-m7 -std=gnu11 -g3 -DDEBUG -DUSE_HAL_DRIVER -DSTM32F746xx -c -I../Core/Inc -I../Drivers/STM32F7xx_HAL_Driver/Inc -I../Drivers/STM32F7xx_HAL_Driver/Inc/Legacy -I../Drivers/CMSIS/Device/ST/STM32F7xx/Include -I../Drivers/CMSIS/Include -O0 -ffunction-sections -fdata-sections -Wall -fstack-usage -fcyclomatic-complexity -MMD -MP -MF"Drivers/STM32F7xx_HAL_Driver/Src/stm32f7xx_hal_gpio.d" -MT"Drivers/STM32F7xx_HAL_Driver/Src/stm32f7xx_hal_gpio.o" --specs=nano.specs -mfpu=fpv5-sp-d16 -mfloat-abi=hard -mthumb -o "Drivers/STM32F7xx_HAL_Driver/Src/stm32f7xx_hal_gpio.o"
arm-none-eabi-gcc "../Drivers/STM32F7xx_HAL_Driver/Src/stm32f7xx_hal_i2c.c" -mcpu=cortex-m7 -std=gnu11 -g3 -DDEBUG -DUSE_HAL_DRIVER -DSTM32F746xx -c -I../Core/Inc -I../Drivers/STM32F7xx_HAL_Driver/Inc -I../Drivers/STM32F7xx_HAL_Driver/Inc/Legacy -I../Drivers/CMSIS/Device/ST/STM32F7xx/Include -I../Drivers/CMSIS/Include -O0 -ffunction-sections -fdata-sections -Wall -fstack-usage -fcyclomatic-complexity -MMD -MP -MF"Drivers/STM32F7xx_HAL_Driver/Src/stm32f7xx_hal_i2c.d" -MT"Drivers/STM32F7xx_HAL_Driver/Src/stm32f7xx_hal_i2c.o" --specs=nano.specs -mfpu=fpv5-sp-d16 -mfloat-abi=hard -mthumb -o "Drivers/STM32F7xx_HAL_Driver/Src/stm32f7xx_hal_i2c.o"
arm-none-eabi-gcc "../Drivers/STM32F7xx_HAL_Driver/Src/stm32f7xx_hal_i2c_ex.c" -mcpu=cortex-m7 -std=gnu11 -g3 -DDEBUG -DUSE_HAL_DRIVER -DSTM32F746xx -c -I../Core/Inc -I../Drivers/STM32F7xx_HAL_Driver/Inc -I../Drivers/STM32F7xx_HAL_Driver/Inc/Legacy -I../Drivers/CMSIS/Device/ST/STM32F7xx/Include -I../Drivers/CMSIS/Include -O0 -ffunction-sections -fdata-sections -Wall -fstack-usage -fcyclomatic-complexity -MMD -MP -MF"Drivers/STM32F7xx_HAL_Driver/Src/stm32f7xx_hal_i2c_ex.d" -MT"Drivers/STM32F7xx_HAL_Driver/Src/stm32f7xx_hal_i2c_ex.o" --specs=nano.specs -mfpu=fpv5-sp-d16 -mfloat-abi=hard -mthumb -o "Drivers/STM32F7xx_HAL_Driver/Src/stm32f7xx_hal_i2c_ex.o"
arm-none-eabi-gcc "../Drivers/STM32F7xx_HAL_Driver/Src/stm32f7xx_hal_pcd.c" -mcpu=cortex-m7 -std=gnu11 -g3 -DDEBUG -DUSE_HAL_DRIVER -DSTM32F746xx -c -I../Core/Inc -I../Drivers/STM32F7xx_HAL_Driver/Inc -I../Drivers/STM32F7xx_HAL_Driver/Inc/Legacy -I../Drivers/CMSIS/Device/ST/STM32F7xx/Include -I../Drivers/CMSIS/Include -O0 -ffunction-sections -fdata-sections -Wall -fstack-usage -fcyclomatic-complexity -MMD -MP -MF"Drivers/STM32F7xx_HAL_Driver/Src/stm32f7xx_hal_pcd.d" -MT"Drivers/STM32F7xx_HAL_Driver/Src/stm32f7xx_hal_pcd.o" --specs=nano.specs -mfpu=fpv5-sp-d16 -mfloat-abi=hard -mthumb -o "Drivers/STM32F7xx_HAL_Driver/Src/stm32f7xx_hal_pcd.o"
arm-none-eabi-gcc "../Drivers/STM32F7xx_HAL_Driver/Src/stm32f7xx_hal_pcd_ex.c" -mcpu=cortex-m7 -std=gnu11 -g3 -DDEBUG -DUSE_HAL_DRIVER -DSTM32F746xx -c -I../Core/Inc -I../Drivers/STM32F7xx_HAL_Driver/Inc -I../Drivers/STM32F7xx_HAL_Driver/Inc/Legacy -I../Drivers/CMSIS/Device/ST/STM32F7xx/Include -I../Drivers/CMSIS/Include -O0 -ffunction-sections -fdata-sections -Wall -fstack-usage -fcyclomatic-complexity -MMD -MP -MF"Drivers/STM32F7xx_HAL_Driver/Src/stm32f7xx_hal_pcd_ex.d" -MT"Drivers/STM32F7xx_HAL_Driver/Src/stm32f7xx_hal_pcd_ex.o" --specs=nano.specs -mfpu=fpv5-sp-d16 -mfloat-abi=hard -mthumb -o "Drivers/STM32F7xx_HAL_Driver/Src/stm32f7xx_hal_pcd_ex.o"
arm-none-eabi-gcc "../Drivers/STM32F7xx_HAL_Driver/Src/stm32f7xx_hal_pwr.c" -mcpu=cortex-m7 -std=gnu11 -g3 -DDEBUG -DUSE_HAL_DRIVER -DSTM32F746xx -c -I../Core/Inc -I../Drivers/STM32F7xx_HAL_Driver/Inc -I../Drivers/STM32F7xx_HAL_Driver/Inc/Legacy -I../Drivers/CMSIS/Device/ST/STM32F7xx/Include -I../Drivers/CMSIS/Include -O0 -ffunction-sections -fdata-sections -Wall -fstack-usage -fcyclomatic-complexity -MMD -MP -MF"Drivers/STM32F7xx_HAL_Driver/Src/stm32f7xx_hal_pwr.d" -MT"Drivers/STM32F7xx_HAL_Driver/Src/stm32f7xx_hal_pwr.o" --specs=nano.specs -mfpu=fpv5-sp-d16 -mfloat-abi=hard -mthumb -o "Drivers/STM32F7xx_HAL_Driver/Src/stm32f7xx_hal_pwr.o"
arm-none-eabi-gcc "../Drivers/STM32F7xx_HAL_Driver/Src/stm32f7xx_hal_pwr_ex.c" -mcpu=cortex-m7 -std=gnu11 -g3 -DDEBUG -DUSE_HAL_DRIVER -DSTM32F746xx -c -I../Core/Inc -I../Drivers/STM32F7xx_HAL_Driver/Inc -I../Drivers/STM32F7xx_HAL_Driver/Inc/Legacy -I../Drivers/CMSIS/Device/ST/STM32F7xx/Include -I../Drivers/CMSIS/Include -O0 -ffunction-sections -fdata-sections -Wall -fstack-usage -fcyclomatic-complexity -MMD -MP -MF"Drivers/STM32F7xx_HAL_Driver/Src/stm32f7xx_hal_pwr_ex.d" -MT"Drivers/STM32F7xx_HAL_Driver/Src/stm32f7xx_hal_pwr_ex.o" --specs=nano.specs -mfpu=fpv5-sp-d16 -mfloat-abi=hard -mthumb -o "Drivers/STM32F7xx_HAL_Driver/Src/stm32f7xx_hal_pwr_ex.o"
arm-none-eabi-gcc "../Drivers/STM32F7xx_HAL_Driver/Src/stm32f7xx_hal_rcc.c" -mcpu=cortex-m7 -std=gnu11 -g3 -DDEBUG -DUSE_HAL_DRIVER -DSTM32F746xx -c -I../Core/Inc -I../Drivers/STM32F7xx_HAL_Driver/Inc -I../Drivers/STM32F7xx_HAL_Driver/Inc/Legacy -I../Drivers/CMSIS/Device/ST/STM32F7xx/Include -I../Drivers/CMSIS/Include -O0 -ffunction-sections -fdata-sections -Wall -fstack-usage -fcyclomatic-complexity -MMD -MP -MF"Drivers/STM32F7xx_HAL_Driver/Src/stm32f7xx_hal_rcc.d" -MT"Drivers/STM32F7xx_HAL_Driver/Src/stm32f7xx_hal_rcc.o" --specs=nano.specs -mfpu=fpv5-sp-d16 -mfloat-abi=hard -mthumb -o "Drivers/STM32F7xx_HAL_Driver/Src/stm32f7xx_hal_rcc.o"
arm-none-eabi-gcc "../Drivers/STM32F7xx_HAL_Driver/Src/stm32f7xx_hal_rcc_ex.c" -mcpu=cortex-m7 -std=gnu11 -g3 -DDEBUG -DUSE_HAL_DRIVER -DSTM32F746xx -c -I../Core/Inc -I../Drivers/STM32F7xx_HAL_Driver/Inc -I../Drivers/STM32F7xx_HAL_Driver/Inc/Legacy -I../Drivers/CMSIS/Device/ST/STM32F7xx/Include -I../Drivers/CMSIS/Include -O0 -ffunction-sections -fdata-sections -Wall -fstack-usage -fcyclomatic-complexity -MMD -MP -MF"Drivers/STM32F7xx_HAL_Driver/Src/stm32f7xx_hal_rcc_ex.d" -MT"Drivers/STM32F7xx_HAL_Driver/Src/stm32f7xx_hal_rcc_ex.o" --specs=nano.specs -mfpu=fpv5-sp-d16 -mfloat-abi=hard -mthumb -o "Drivers/STM32F7xx_HAL_Driver/Src/stm32f7xx_hal_rcc_ex.o"
arm-none-eabi-gcc "../Drivers/STM32F7xx_HAL_Driver/Src/stm32f7xx_hal_spi.c" -mcpu=cortex-m7 -std=gnu11 -g3 -DDEBUG -DUSE_HAL_DRIVER -DSTM32F746xx -c -I../Core/Inc -I../Drivers/STM32F7xx_HAL_Driver/Inc -I../Drivers/STM32F7xx_HAL_Driver/Inc/Legacy -I../Drivers/CMSIS/Device/ST/STM32F7xx/Include -I../Drivers/CMSIS/Include -O0 -ffunction-sections -fdata-sections -Wall -fstack-usage -fcyclomatic-complexity -MMD -MP -MF"Drivers/STM32F7xx_HAL_Driver/Src/stm32f7xx_hal_spi.d" -MT"Drivers/STM32F7xx_HAL_Driver/Src/stm32f7xx_hal_spi.o" --specs=nano.specs -mfpu=fpv5-sp-d16 -mfloat-abi=hard -mthumb -o "Drivers/STM32F7xx_HAL_Driver/Src/stm32f7xx_hal_spi.o"
arm-none-eabi-gcc "../Drivers/STM32F7xx_HAL_Driver/Src/stm32f7xx_hal_spi_ex.c" -mcpu=cortex-m7 -std=gnu11 -g3 -DDEBUG -DUSE_HAL_DRIVER -DSTM32F746xx -c -I../Core/Inc -I../Drivers/STM32F7xx_HAL_Driver/Inc -I../Drivers/STM32F7xx_HAL_Driver/Inc/Legacy -I../Drivers/CMSIS/Device/ST/STM32F7xx/Include -I../Drivers/CMSIS/Include -O0 -ffunction-sections -fdata-sections -Wall -fstack-usage -fcyclomatic-complexity -MMD -MP -MF"Drivers/STM32F7xx_HAL_Driver/Src/stm32f7xx_hal_spi_ex.d" -MT"Drivers/STM32F7xx_HAL_Driver/Src/stm32f7xx_hal_spi_ex.o" --specs=nano.specs -mfpu=fpv5-sp-d16 -mfloat-abi=hard -mthumb -o "Drivers/STM32F7xx_HAL_Driver/Src/stm32f7xx_hal_spi_ex.o"
arm-none-eabi-gcc "../Drivers/STM32F7xx_HAL_Driver/Src/stm32f7xx_hal_tim.c" -mcpu=cortex-m7 -std=gnu11 -g3 -DDEBUG -DUSE_HAL_DRIVER -DSTM32F746xx -c -I../Core/Inc -I../Drivers/STM32F7xx_HAL_Driver/Inc -I../Drivers/STM32F7xx_HAL_Driver/Inc/Legacy -I../Drivers/CMSIS/Device/ST/STM32F7xx/Include -I../Drivers/CMSIS/Include -O0 -ffunction-sections -fdata-sections -Wall -fstack-usage -fcyclomatic-complexity -MMD -MP -MF"Drivers/STM32F7xx_HAL_Driver/Src/stm32f7xx_hal_tim.d" -MT"Drivers/STM32F7xx_HAL_Driver/Src/stm32f7xx_hal_tim.o" --specs=nano.specs -mfpu=fpv5-sp-d16 -mfloat-abi=hard -mthumb -o "Drivers/STM32F7xx_HAL_Driver/Src/stm32f7xx_hal_tim.o"
arm-none-eabi-gcc "../Drivers/STM32F7xx_HAL_Driver/Src/stm32f7xx_hal_tim_ex.c" -mcpu=cortex-m7 -std=gnu11 -g3 -DDEBUG -DUSE_HAL_DRIVER -DSTM32F746xx -c -I../Core/Inc -I../Drivers/STM32F7xx_HAL_Driver/Inc -I../Drivers/STM32F7xx_HAL_Driver/Inc/Legacy -I../Drivers/CMSIS/Device/ST/STM32F7xx/Include -I../Drivers/CMSIS/Include -O0 -ffunction-sections -fdata-sections -Wall -fstack-usage -fcyclomatic-complexity -MMD -MP -MF"Drivers/STM32F7xx_HAL_Driver/Src/stm32f7xx_hal_tim_ex.d" -MT"Drivers/STM32F7xx_HAL_Driver/Src/stm32f7xx_hal_tim_ex.o" --specs=nano.specs -mfpu=fpv5-sp-d16 -mfloat-abi=hard -mthumb -o "Drivers/STM32F7xx_HAL_Driver/Src/stm32f7xx_hal_tim_ex.o"
arm-none-eabi-gcc "../Drivers/STM32F7xx_HAL_Driver/Src/stm32f7xx_hal_uart.c" -mcpu=cortex-m7 -std=gnu11 -g3 -DDEBUG -DUSE_HAL_DRIVER -DSTM32F746xx -c -I../Core/Inc -I../Drivers/STM32F7xx_HAL_Driver/Inc -I../Drivers/STM32F7xx_HAL_Driver/Inc/Legacy -I../Drivers/CMSIS/Device/ST/STM32F7xx/Include -I../Drivers/CMSIS/Include -O0 -ffunction-sections -fdata-sections -Wall -fstack-usage -fcyclomatic-complexity -MMD -MP -MF"Drivers/STM32F7xx_HAL_Driver/Src/stm32f7xx_hal_uart.d" -MT"Drivers/STM32F7xx_HAL_Driver/Src/stm32f7xx_hal_uart.o" --specs=nano.specs -mfpu=fpv5-sp-d16 -mfloat-abi=hard -mthumb -o "Drivers/STM32F7xx_HAL_Driver/Src/stm32f7xx_hal_uart.o"
arm-none-eabi-gcc "../Drivers/STM32F7xx_HAL_Driver/Src/stm32f7xx_hal_uart_ex.c" -mcpu=cortex-m7 -std=gnu11 -g3 -DDEBUG -DUSE_HAL_DRIVER -DSTM32F746xx -c -I../Core/Inc -I../Drivers/STM32F7xx_HAL_Driver/Inc -I../Drivers/STM32F7xx_HAL_Driver/Inc/Legacy -I../Drivers/CMSIS/Device/ST/STM32F7xx/Include -I../Drivers/CMSIS/Include -O0 -ffunction-sections -fdata-sections -Wall -fstack-usage -fcyclomatic-complexity -MMD -MP -MF"Drivers/STM32F7xx_HAL_Driver/Src/stm32f7xx_hal_uart_ex.d" -MT"Drivers/STM32F7xx_HAL_Driver/Src/stm32f7xx_hal_uart_ex.o" --specs=nano.specs -mfpu=fpv5-sp-d16 -mfloat-abi=hard -mthumb -o "Drivers/STM32F7xx_HAL_Driver/Src/stm32f7xx_hal_uart_ex.o"
arm-none-eabi-gcc "../Drivers/STM32F7xx_HAL_Driver/Src/stm32f7xx_ll_usb.c" -mcpu=cortex-m7 -std=gnu11 -g3 -DDEBUG -DUSE_HAL_DRIVER -DSTM32F746xx -c -I../Core/Inc -I../Drivers/STM32F7xx_HAL_Driver/Inc -I../Drivers/STM32F7xx_HAL_Driver/Inc/Legacy -I../Drivers/CMSIS/Device/ST/STM32F7xx/Include -I../Drivers/CMSIS/Include -O0 -ffunction-sections -fdata-sections -Wall -fstack-usage -fcyclomatic-complexity -MMD -MP -MF"Drivers/STM32F7xx_HAL_Driver/Src/stm32f7xx_ll_usb.d" -MT"Drivers/STM32F7xx_HAL_Driver/Src/stm32f7xx_ll_usb.o" --specs=nano.specs -mfpu=fpv5-sp-d16 -mfloat-abi=hard -mthumb -o "Drivers/STM32F7xx_HAL_Driver/Src/stm32f7xx_ll_usb.o"
arm-none-eabi-gcc -mcpu=cortex-m7 -g3 -DDEBUG -c -x assembler-with-cpp -MMD -MP -MF"Core/Startup/startup_stm32f746zgtx.d" -MT"Core/Startup/startup_stm32f746zgtx.o" --specs=nano.specs -mfpu=fpv5-sp-d16 -mfloat-abi=hard -mthumb -o "Core/Startup/startup_stm32f746zgtx.o" "../Core/Startup/startup_stm32f746zgtx.s"
arm-none-eabi-gcc "../Core/Src/BMXX80.c" -mcpu=cortex-m7 -std=gnu11 -g3 -DDEBUG -DUSE_HAL_DRIVER -DSTM32F746xx -c -I../Core/Inc -I../Drivers/STM32F7xx_HAL_Driver/Inc -I../Drivers/STM32F7xx_HAL_Driver/Inc/Legacy -I../Drivers/CMSIS/Device/ST/STM32F7xx/Include -I../Drivers/CMSIS/Include -O0 -ffunction-sections -fdata-sections -Wall -fstack-usage -fcyclomatic-complexity -MMD -MP -MF"Core/Src/BMXX80.d" -MT"Core/Src/BMXX80.o" --specs=nano.specs -mfpu=fpv5-sp-d16 -mfloat-abi=hard -mthumb -o "Core/Src/BMXX80.o"
arm-none-eabi-gcc "../Core/Src/eth.c" -mcpu=cortex-m7 -std=gnu11 -g3 -DDEBUG -DUSE_HAL_DRIVER -DSTM32F746xx -c -I../Core/Inc -I../Drivers/STM32F7xx_HAL_Driver/Inc -I../Drivers/STM32F7xx_HAL_Driver/Inc/Legacy -I../Drivers/CMSIS/Device/ST/STM32F7xx/Include -I../Drivers/CMSIS/Include -O0 -ffunction-sections -fdata-sections -Wall -fstack-usage -fcyclomatic-complexity -MMD -MP -MF"Core/Src/eth.d" -MT"Core/Src/eth.o" --specs=nano.specs -mfpu=fpv5-sp-d16 -mfloat-abi=hard -mthumb -o "Core/Src/eth.o"
arm-none-eabi-gcc "../Core/Src/gpio.c" -mcpu=cortex-m7 -std=gnu11 -g3 -DDEBUG -DUSE_HAL_DRIVER -DSTM32F746xx -c -I../Core/Inc -I../Drivers/STM32F7xx_HAL_Driver/Inc -I../Drivers/STM32F7xx_HAL_Driver/Inc/Legacy -I../Drivers/CMSIS/Device/ST/STM32F7xx/Include -I../Drivers/CMSIS/Include -O0 -ffunction-sections -fdata-sections -Wall -fstack-usage -fcyclomatic-complexity -MMD -MP -MF"Core/Src/gpio.d" -MT"Core/Src/gpio.o" --specs=nano.specs -mfpu=fpv5-sp-d16 -mfloat-abi=hard -mthumb -o "Core/Src/gpio.o"
arm-none-eabi-gcc "../Core/Src/i2c.c" -mcpu=cortex-m7 -std=gnu11 -g3 -DDEBUG -DUSE_HAL_DRIVER -DSTM32F746xx -c -I../Core/Inc -I../Drivers/STM32F7xx_HAL_Driver/Inc -I../Drivers/STM32F7xx_HAL_Driver/Inc/Legacy -I../Drivers/CMSIS/Device/ST/STM32F7xx/Include -I../Drivers/CMSIS/Include -O0 -ffunction-sections -fdata-sections -Wall -fstack-usage -fcyclomatic-complexity -MMD -MP -MF"Core/Src/i2c.d" -MT"Core/Src/i2c.o" --specs=nano.specs -mfpu=fpv5-sp-d16 -mfloat-abi=hard -mthumb -o "Core/Src/i2c.o"
arm-none-eabi-gcc "../Core/Src/main.c" -mcpu=cortex-m7 -std=gnu11 -g3 -DDEBUG -DUSE_HAL_DRIVER -DSTM32F746xx -c -I../Core/Inc -I../Drivers/STM32F7xx_HAL_Driver/Inc -I../Drivers/STM32F7xx_HAL_Driver/Inc/Legacy -I../Drivers/CMSIS/Device/ST/STM32F7xx/Include -I../Drivers/CMSIS/Include -O0 -ffunction-sections -fdata-sections -Wall -fstack-usage -fcyclomatic-complexity -MMD -MP -MF"Core/Src/main.d" -MT"Core/Src/main.o" --specs=nano.specs -mfpu=fpv5-sp-d16 -mfloat-abi=hard -mthumb -o "Core/Src/main.o"
arm-none-eabi-gcc "../Core/Src/spi.c" -mcpu=cortex-m7 -std=gnu11 -g3 -DDEBUG -DUSE_HAL_DRIVER -DSTM32F746xx -c -I../Core/Inc -I../Drivers/STM32F7xx_HAL_Driver/Inc -I../Drivers/STM32F7xx_HAL_Driver/Inc/Legacy -I../Drivers/CMSIS/Device/ST/STM32F7xx/Include -I../Drivers/CMSIS/Include -O0 -ffunction-sections -fdata-sections -Wall -fstack-usage -fcyclomatic-complexity -MMD -MP -MF"Core/Src/spi.d" -MT"Core/Src/spi.o" --specs=nano.specs -mfpu=fpv5-sp-d16 -mfloat-abi=hard -mthumb -o "Core/Src/spi.o"
arm-none-eabi-gcc "../Core/Src/stm32f7xx_hal_msp.c" -mcpu=cortex-m7 -std=gnu11 -g3 -DDEBUG -DUSE_HAL_DRIVER -DSTM32F746xx -c -I../Core/Inc -I../Drivers/STM32F7xx_HAL_Driver/Inc -I../Drivers/STM32F7xx_HAL_Driver/Inc/Legacy -I../Drivers/CMSIS/Device/ST/STM32F7xx/Include -I../Drivers/CMSIS/Include -O0 -ffunction-sections -fdata-sections -Wall -fstack-usage -fcyclomatic-complexity -MMD -MP -MF"Core/Src/stm32f7xx_hal_msp.d" -MT"Core/Src/stm32f7xx_hal_msp.o" --specs=nano.specs -mfpu=fpv5-sp-d16 -mfloat-abi=hard -mthumb -o "Core/Src/stm32f7xx_hal_msp.o"
arm-none-eabi-gcc "../Core/Src/stm32f7xx_it.c" -mcpu=cortex-m7 -std=gnu11 -g3 -DDEBUG -DUSE_HAL_DRIVER -DSTM32F746xx -c -I../Core/Inc -I../Drivers/STM32F7xx_HAL_Driver/Inc -I../Drivers/STM32F7xx_HAL_Driver/Inc/Legacy -I../Drivers/CMSIS/Device/ST/STM32F7xx/Include -I../Drivers/CMSIS/Include -O0 -ffunction-sections -fdata-sections -Wall -fstack-usage -fcyclomatic-complexity -MMD -MP -MF"Core/Src/stm32f7xx_it.d" -MT"Core/Src/stm32f7xx_it.o" --specs=nano.specs -mfpu=fpv5-sp-d16 -mfloat-abi=hard -mthumb -o "Core/Src/stm32f7xx_it.o"
arm-none-eabi-gcc "../Core/Src/syscalls.c" -mcpu=cortex-m7 -std=gnu11 -g3 -DDEBUG -DUSE_HAL_DRIVER -DSTM32F746xx -c -I../Core/Inc -I../Drivers/STM32F7xx_HAL_Driver/Inc -I../Drivers/STM32F7xx_HAL_Driver/Inc/Legacy -I../Drivers/CMSIS/Device/ST/STM32F7xx/Include -I../Drivers/CMSIS/Include -O0 -ffunction-sections -fdata-sections -Wall -fstack-usage -fcyclomatic-complexity -MMD -MP -MF"Core/Src/syscalls.d" -MT"Core/Src/syscalls.o" --specs=nano.specs -mfpu=fpv5-sp-d16 -mfloat-abi=hard -mthumb -o "Core/Src/syscalls.o"
arm-none-eabi-gcc "../Core/Src/sysmem.c" -mcpu=cortex-m7 -std=gnu11 -g3 -DDEBUG -DUSE_HAL_DRIVER -DSTM32F746xx -c -I../Core/Inc -I../Drivers/STM32F7xx_HAL_Driver/Inc -I../Drivers/STM32F7xx_HAL_Driver/Inc/Legacy -I../Drivers/CMSIS/Device/ST/STM32F7xx/Include -I../Drivers/CMSIS/Include -O0 -ffunction-sections -fdata-sections -Wall -fstack-usage -fcyclomatic-complexity -MMD -MP -MF"Core/Src/sysmem.d" -MT"Core/Src/sysmem.o" --specs=nano.specs -mfpu=fpv5-sp-d16 -mfloat-abi=hard -mthumb -o "Core/Src/sysmem.o"
arm-none-eabi-gcc "../Core/Src/system_stm32f7xx.c" -mcpu=cortex-m7 -std=gnu11 -g3 -DDEBUG -DUSE_HAL_DRIVER -DSTM32F746xx -c -I../Core/Inc -I../Drivers/STM32F7xx_HAL_Driver/Inc -I../Drivers/STM32F7xx_HAL_Driver/Inc/Legacy -I../Drivers/CMSIS/Device/ST/STM32F7xx/Include -I../Drivers/CMSIS/Include -O0 -ffunction-sections -fdata-sections -Wall -fstack-usage -fcyclomatic-complexity -MMD -MP -MF"Core/Src/system_stm32f7xx.d" -MT"Core/Src/system_stm32f7xx.o" --specs=nano.specs -mfpu=fpv5-sp-d16 -mfloat-abi=hard -mthumb -o "Core/Src/system_stm32f7xx.o"
arm-none-eabi-gcc "../Core/Src/tim.c" -mcpu=cortex-m7 -std=gnu11 -g3 -DDEBUG -DUSE_HAL_DRIVER -DSTM32F746xx -c -I../Core/Inc -I../Drivers/STM32F7xx_HAL_Driver/Inc -I../Drivers/STM32F7xx_HAL_Driver/Inc/Legacy -I../Drivers/CMSIS/Device/ST/STM32F7xx/Include -I../Drivers/CMSIS/Include -O0 -ffunction-sections -fdata-sections -Wall -fstack-usage -fcyclomatic-complexity -MMD -MP -MF"Core/Src/tim.d" -MT"Core/Src/tim.o" --specs=nano.specs -mfpu=fpv5-sp-d16 -mfloat-abi=hard -mthumb -o "Core/Src/tim.o"
../Core/Src/main.c: In function 'HAL_TIM_PeriodElapsedCallback':
../Core/Src/main.c:100:75: warning: passing argument 2 of 'BMP280_ReadTemperatureAndPressure' from incompatible pointer type [-Wincompatible-pointer-types]
  100 |                 BMP280_ReadTemperatureAndPressure(&current_temperature_f, &pressure);
      |                                                                           ^~~~~~~~~
      |                                                                           |
      |                                                                           float *
In file included from ../Core/Src/main.c:32:
../Core/Inc/BMPXX80.h:268:72: note: expected 'int32_t *' {aka 'long int *'} but argument is of type 'float *'
  268 | uint8_t BMP280_ReadTemperatureAndPressure(float *temperature, int32_t *pressure);
      |                                                               ~~~~~~~~~^~~~~~~~
arm-none-eabi-gcc "../Core/Src/usart.c" -mcpu=cortex-m7 -std=gnu11 -g3 -DDEBUG -DUSE_HAL_DRIVER -DSTM32F746xx -c -I../Core/Inc -I../Drivers/STM32F7xx_HAL_Driver/Inc -I../Drivers/STM32F7xx_HAL_Driver/Inc/Legacy -I../Drivers/CMSIS/Device/ST/STM32F7xx/Include -I../Drivers/CMSIS/Include -O0 -ffunction-sections -fdata-sections -Wall -fstack-usage -fcyclomatic-complexity -MMD -MP -MF"Core/Src/usart.d" -MT"Core/Src/usart.o" --specs=nano.specs -mfpu=fpv5-sp-d16 -mfloat-abi=hard -mthumb -o "Core/Src/usart.o"
arm-none-eabi-gcc "../Core/Src/usb_otg.c" -mcpu=cortex-m7 -std=gnu11 -g3 -DDEBUG -DUSE_HAL_DRIVER -DSTM32F746xx -c -I../Core/Inc -I../Drivers/STM32F7xx_HAL_Driver/Inc -I../Drivers/STM32F7xx_HAL_Driver/Inc/Legacy -I../Drivers/CMSIS/Device/ST/STM32F7xx/Include -I../Drivers/CMSIS/Include -O0 -ffunction-sections -fdata-sections -Wall -fstack-usage -fcyclomatic-complexity -MMD -MP -MF"Core/Src/usb_otg.d" -MT"Core/Src/usb_otg.o" --specs=nano.specs -mfpu=fpv5-sp-d16 -mfloat-abi=hard -mthumb -o "Core/Src/usb_otg.o"
arm-none-eabi-gcc -o "ROOM_TEMPERATURE.elf" @"objects.list"   -mcpu=cortex-m7 -T"C:\Users\febe\STM_Temperature_Control\ROOM_TEMPERATURE\STM32F746ZGTX_FLASH.ld" --specs=nosys.specs -Wl,-Map="ROOM_TEMPERATURE.map" -Wl,--gc-sections -static -u _printf_float --specs=nano.specs -mfpu=fpv5-sp-d16 -mfloat-abi=hard -mthumb -Wl,--start-group -lc -lm -Wl,--end-group
Finished building target: ROOM_TEMPERATURE.elf
 
arm-none-eabi-size  ROOM_TEMPERATURE.elf 
arm-none-eabi-objdump -h -S ROOM_TEMPERATURE.elf  > "ROOM_TEMPERATURE.list"
   text	   data	    bss	    dec	    hex	filename
  45760	    792	   3944	  50496	   c540	ROOM_TEMPERATURE.elf
Finished building: default.size.stdout
 
Finished building: ROOM_TEMPERATURE.list
 
16:15:08 **** Incremental Build of configuration Debug for project ROOM_TEMPERATURE ****
make -j12 all 
arm-none-eabi-size  ROOM_TEMPERATURE.elf 
   text	   data	    bss	    dec	    hex	filename
  45760	    792	   3944	  50496	   c540	ROOM_TEMPERATURE.elf
Finished building: default.size.stdout
 
16:16:34 **** Incremental Build of configuration Debug for project ROOM_TEMPERATURE ****
make -j12 all 
arm-none-eabi-gcc "../Core/Src/main.c" -mcpu=cortex-m7 -std=gnu11 -g3 -DDEBUG -DUSE_HAL_DRIVER -DSTM32F746xx -c -I../Core/Inc -I../Drivers/STM32F7xx_HAL_Driver/Inc -I../Drivers/STM32F7xx_HAL_Driver/Inc/Legacy -I../Drivers/CMSIS/Device/ST/STM32F7xx/Include -I../Drivers/CMSIS/Include -O0 -ffunction-sections -fdata-sections -Wall -fstack-usage -fcyclomatic-complexity -MMD -MP -MF"Core/Src/main.d" -MT"Core/Src/main.o" --specs=nano.specs -mfpu=fpv5-sp-d16 -mfloat-abi=hard -mthumb -o "Core/Src/main.o"
../Core/Src/main.c: In function 'HAL_TIM_PeriodElapsedCallback':
../Core/Src/main.c:102:75: warning: passing argument 2 of 'BMP280_ReadTemperatureAndPressure' from incompatible pointer type [-Wincompatible-pointer-types]
  102 |                 BMP280_ReadTemperatureAndPressure(&current_temperature_f, &pressure);
      |                                                                           ^~~~~~~~~
      |                                                                           |
      |                                                                           float *
In file included from ../Core/Src/main.c:32:
../Core/Inc/BMPXX80.h:268:72: note: expected 'int32_t *' {aka 'long int *'} but argument is of type 'float *'
  268 | uint8_t BMP280_ReadTemperatureAndPressure(float *temperature, int32_t *pressure);
      |                                                               ~~~~~~~~~^~~~~~~~
arm-none-eabi-gcc -o "ROOM_TEMPERATURE.elf" @"objects.list"   -mcpu=cortex-m7 -T"C:\Users\febe\STM_Temperature_Control\ROOM_TEMPERATURE\STM32F746ZGTX_FLASH.ld" --specs=nosys.specs -Wl,-Map="ROOM_TEMPERATURE.map" -Wl,--gc-sections -static -u _printf_float --specs=nano.specs -mfpu=fpv5-sp-d16 -mfloat-abi=hard -mthumb -Wl,--start-group -lc -lm -Wl,--end-group
Finished building target: ROOM_TEMPERATURE.elf
 
arm-none-eabi-size  ROOM_TEMPERATURE.elf 
arm-none-eabi-objdump -h -S ROOM_TEMPERATURE.elf  > "ROOM_TEMPERATURE.list"
   text	   data	    bss	    dec	    hex	filename
  45776	    792	   3944	  50512	   c550	ROOM_TEMPERATURE.elf
Finished building: default.size.stdout
 
Finished building: ROOM_TEMPERATURE.list
 
16:19:29 **** Incremental Build of configuration Debug for project ROOM_TEMPERATURE ****
make -j12 all 
arm-none-eabi-gcc "../Core/Src/main.c" -mcpu=cortex-m7 -std=gnu11 -g3 -DDEBUG -DUSE_HAL_DRIVER -DSTM32F746xx -c -I../Core/Inc -I../Drivers/STM32F7xx_HAL_Driver/Inc -I../Drivers/STM32F7xx_HAL_Driver/Inc/Legacy -I../Drivers/CMSIS/Device/ST/STM32F7xx/Include -I../Drivers/CMSIS/Include -O0 -ffunction-sections -fdata-sections -Wall -fstack-usage -fcyclomatic-complexity -MMD -MP -MF"Core/Src/main.d" -MT"Core/Src/main.o" --specs=nano.specs -mfpu=fpv5-sp-d16 -mfloat-abi=hard -mthumb -o "Core/Src/main.o"
arm-none-eabi-gcc -o "ROOM_TEMPERATURE.elf" @"objects.list"   -mcpu=cortex-m7 -T"C:\Users\febe\STM_Temperature_Control\ROOM_TEMPERATURE\STM32F746ZGTX_FLASH.ld" --specs=nosys.specs -Wl,-Map="ROOM_TEMPERATURE.map" -Wl,--gc-sections -static -u _printf_float --specs=nano.specs -mfpu=fpv5-sp-d16 -mfloat-abi=hard -mthumb -Wl,--start-group -lc -lm -Wl,--end-group
Finished building target: ROOM_TEMPERATURE.elf
 
arm-none-eabi-size  ROOM_TEMPERATURE.elf 
arm-none-eabi-objdump -h -S ROOM_TEMPERATURE.elf  > "ROOM_TEMPERATURE.list"
   text	   data	    bss	    dec	    hex	filename
  43224	    788	   3924	  47936	   bb40	ROOM_TEMPERATURE.elf
Finished building: default.size.stdout
 
Finished building: ROOM_TEMPERATURE.list
 
16:19:59 **** Incremental Build of configuration Debug for project ROOM_TEMPERATURE ****
make -j12 all 
arm-none-eabi-size  ROOM_TEMPERATURE.elf 
   text	   data	    bss	    dec	    hex	filename
  43224	    788	   3924	  47936	   bb40	ROOM_TEMPERATURE.elf
Finished building: default.size.stdout
 
16:20:59 **** Incremental Build of configuration Debug for project ROOM_TEMPERATURE ****
make -j12 all 
arm-none-eabi-size  ROOM_TEMPERATURE.elf 
   text	   data	    bss	    dec	    hex	filename
  43224	    788	   3924	  47936	   bb40	ROOM_TEMPERATURE.elf
Finished building: default.size.stdout
 
16:22:24 **** Incremental Build of configuration Debug for project ROOM_TEMPERATURE ****
make -j12 all 
arm-none-eabi-gcc "../Core/Src/main.c" -mcpu=cortex-m7 -std=gnu11 -g3 -DDEBUG -DUSE_HAL_DRIVER -DSTM32F746xx -c -I../Core/Inc -I../Drivers/STM32F7xx_HAL_Driver/Inc -I../Drivers/STM32F7xx_HAL_Driver/Inc/Legacy -I../Drivers/CMSIS/Device/ST/STM32F7xx/Include -I../Drivers/CMSIS/Include -O0 -ffunction-sections -fdata-sections -Wall -fstack-usage -fcyclomatic-complexity -MMD -MP -MF"Core/Src/main.d" -MT"Core/Src/main.o" --specs=nano.specs -mfpu=fpv5-sp-d16 -mfloat-abi=hard -mthumb -o "Core/Src/main.o"
../Core/Src/main.c: In function 'main':
../Core/Src/main.c:168:11: error: 'temperature' undeclared (first use in this function)
  168 |           temperature = BMP280_ReadTemperature();
      |           ^~~~~~~~~~~
../Core/Src/main.c:168:11: note: each undeclared identifier is reported only once for each function it appears in
make: *** [Core/Src/subdir.mk:58: Core/Src/main.o] Error 1
"make -j12 all" terminated with exit code 2. Build might be incomplete.
16:22:34 **** Incremental Build of configuration Debug for project ROOM_TEMPERATURE ****
make -j12 all 
arm-none-eabi-gcc "../Core/Src/main.c" -mcpu=cortex-m7 -std=gnu11 -g3 -DDEBUG -DUSE_HAL_DRIVER -DSTM32F746xx -c -I../Core/Inc -I../Drivers/STM32F7xx_HAL_Driver/Inc -I../Drivers/STM32F7xx_HAL_Driver/Inc/Legacy -I../Drivers/CMSIS/Device/ST/STM32F7xx/Include -I../Drivers/CMSIS/Include -O0 -ffunction-sections -fdata-sections -Wall -fstack-usage -fcyclomatic-complexity -MMD -MP -MF"Core/Src/main.d" -MT"Core/Src/main.o" --specs=nano.specs -mfpu=fpv5-sp-d16 -mfloat-abi=hard -mthumb -o "Core/Src/main.o"
arm-none-eabi-gcc -o "ROOM_TEMPERATURE.elf" @"objects.list"   -mcpu=cortex-m7 -T"C:\Users\febe\STM_Temperature_Control\ROOM_TEMPERATURE\STM32F746ZGTX_FLASH.ld" --specs=nosys.specs -Wl,-Map="ROOM_TEMPERATURE.map" -Wl,--gc-sections -static -u _printf_float --specs=nano.specs -mfpu=fpv5-sp-d16 -mfloat-abi=hard -mthumb -Wl,--start-group -lc -lm -Wl,--end-group
Finished building target: ROOM_TEMPERATURE.elf
 
arm-none-eabi-size  ROOM_TEMPERATURE.elf 
arm-none-eabi-objdump -h -S ROOM_TEMPERATURE.elf  > "ROOM_TEMPERATURE.list"
   text	   data	    bss	    dec	    hex	filename
  43616	    788	   3932	  48336	   bcd0	ROOM_TEMPERATURE.elf
Finished building: default.size.stdout
 
Finished building: ROOM_TEMPERATURE.list
 
16:23:05 **** Incremental Build of configuration Debug for project ROOM_TEMPERATURE ****
make -j12 all 
arm-none-eabi-gcc "../Core/Src/main.c" -mcpu=cortex-m7 -std=gnu11 -g3 -DDEBUG -DUSE_HAL_DRIVER -DSTM32F746xx -c -I../Core/Inc -I../Drivers/STM32F7xx_HAL_Driver/Inc -I../Drivers/STM32F7xx_HAL_Driver/Inc/Legacy -I../Drivers/CMSIS/Device/ST/STM32F7xx/Include -I../Drivers/CMSIS/Include -O0 -ffunction-sections -fdata-sections -Wall -fstack-usage -fcyclomatic-complexity -MMD -MP -MF"Core/Src/main.d" -MT"Core/Src/main.o" --specs=nano.specs -mfpu=fpv5-sp-d16 -mfloat-abi=hard -mthumb -o "Core/Src/main.o"
arm-none-eabi-gcc -o "ROOM_TEMPERATURE.elf" @"objects.list"   -mcpu=cortex-m7 -T"C:\Users\febe\STM_Temperature_Control\ROOM_TEMPERATURE\STM32F746ZGTX_FLASH.ld" --specs=nosys.specs -Wl,-Map="ROOM_TEMPERATURE.map" -Wl,--gc-sections -static -u _printf_float --specs=nano.specs -mfpu=fpv5-sp-d16 -mfloat-abi=hard -mthumb -Wl,--start-group -lc -lm -Wl,--end-group
Finished building target: ROOM_TEMPERATURE.elf
 
arm-none-eabi-size  ROOM_TEMPERATURE.elf 
arm-none-eabi-objdump -h -S ROOM_TEMPERATURE.elf  > "ROOM_TEMPERATURE.list"
   text	   data	    bss	    dec	    hex	filename
  43528	    788	   3932	  48248	   bc78	ROOM_TEMPERATURE.elf
Finished building: default.size.stdout
 
Finished building: ROOM_TEMPERATURE.list
 
16:24:12 **** Incremental Build of configuration Debug for project ROOM_TEMPERATURE ****
make -j12 all 
arm-none-eabi-size  ROOM_TEMPERATURE.elf 
   text	   data	    bss	    dec	    hex	filename
  43528	    788	   3932	  48248	   bc78	ROOM_TEMPERATURE.elf
Finished building: default.size.stdout
 
16:28:13 **** Incremental Build of configuration Debug for project ROOM_TEMPERATURE ****
make -j12 all 
arm-none-eabi-gcc "../Core/Src/main.c" -mcpu=cortex-m7 -std=gnu11 -g3 -DDEBUG -DUSE_HAL_DRIVER -DSTM32F746xx -c -I../Core/Inc -I../Drivers/STM32F7xx_HAL_Driver/Inc -I../Drivers/STM32F7xx_HAL_Driver/Inc/Legacy -I../Drivers/CMSIS/Device/ST/STM32F7xx/Include -I../Drivers/CMSIS/Include -O0 -ffunction-sections -fdata-sections -Wall -fstack-usage -fcyclomatic-complexity -MMD -MP -MF"Core/Src/main.d" -MT"Core/Src/main.o" --specs=nano.specs -mfpu=fpv5-sp-d16 -mfloat-abi=hard -mthumb -o "Core/Src/main.o"
../Core/Src/main.c: In function 'HAL_TIM_PeriodElapsedCallback':
../Core/Src/main.c:124:5: warning: 'main' is normally a non-static function [-Wmain]
  124 | int main(void)
      |     ^~~~
../Core/Src/main.c:183:6: error: static declaration of 'SystemClock_Config' follows non-static declaration
  183 | void SystemClock_Config(void)
      |      ^~~~~~~~~~~~~~~~~~
../Core/Src/main.c:111:6: note: previous declaration of 'SystemClock_Config' with type 'void(void)'
  111 | void SystemClock_Config(void);
      |      ^~~~~~~~~~~~~~~~~~
../Core/Src/main.c:245:1: error: expected declaration or statement at end of input
  245 | }
      | ^
../Core/Src/main.c: At top level:
../Core/Src/main.c:236:6: warning: 'Error_Handler' defined but not used [-Wunused-function]
  236 | void Error_Handler(void)
      |      ^~~~~~~~~~~~~
../Core/Src/main.c:183:6: warning: 'SystemClock_Config' defined but not used [-Wunused-function]
  183 | void SystemClock_Config(void)
      |      ^~~~~~~~~~~~~~~~~~
../Core/Src/main.c:124:5: warning: 'main' defined but not used [-Wunused-function]
  124 | int main(void)
      |     ^~~~
make: *** [Core/Src/subdir.mk:58: Core/Src/main.o] Error 1
"make -j12 all" terminated with exit code 2. Build might be incomplete.
16:29:32 **** Incremental Build of configuration Debug for project ROOM_TEMPERATURE ****
make -j12 all 
arm-none-eabi-gcc "../Core/Src/main.c" -mcpu=cortex-m7 -std=gnu11 -g3 -DDEBUG -DUSE_HAL_DRIVER -DSTM32F746xx -c -I../Core/Inc -I../Drivers/STM32F7xx_HAL_Driver/Inc -I../Drivers/STM32F7xx_HAL_Driver/Inc/Legacy -I../Drivers/CMSIS/Device/ST/STM32F7xx/Include -I../Drivers/CMSIS/Include -O0 -ffunction-sections -fdata-sections -Wall -fstack-usage -fcyclomatic-complexity -MMD -MP -MF"Core/Src/main.d" -MT"Core/Src/main.o" --specs=nano.specs -mfpu=fpv5-sp-d16 -mfloat-abi=hard -mthumb -o "Core/Src/main.o"
arm-none-eabi-gcc -o "ROOM_TEMPERATURE.elf" @"objects.list"   -mcpu=cortex-m7 -T"C:\Users\febe\STM_Temperature_Control\ROOM_TEMPERATURE\STM32F746ZGTX_FLASH.ld" --specs=nosys.specs -Wl,-Map="ROOM_TEMPERATURE.map" -Wl,--gc-sections -static -u _printf_float --specs=nano.specs -mfpu=fpv5-sp-d16 -mfloat-abi=hard -mthumb -Wl,--start-group -lc -lm -Wl,--end-group
Finished building target: ROOM_TEMPERATURE.elf
 
arm-none-eabi-size  ROOM_TEMPERATURE.elf 
arm-none-eabi-objdump -h -S ROOM_TEMPERATURE.elf  > "ROOM_TEMPERATURE.list"
   text	   data	    bss	    dec	    hex	filename
  43224	    788	   3924	  47936	   bb40	ROOM_TEMPERATURE.elf
Finished building: default.size.stdout
 
Finished building: ROOM_TEMPERATURE.list
 
16:30:01 **** Incremental Build of configuration Debug for project ROOM_TEMPERATURE ****
make -j12 all 
arm-none-eabi-gcc "../Core/Src/main.c" -mcpu=cortex-m7 -std=gnu11 -g3 -DDEBUG -DUSE_HAL_DRIVER -DSTM32F746xx -c -I../Core/Inc -I../Drivers/STM32F7xx_HAL_Driver/Inc -I../Drivers/STM32F7xx_HAL_Driver/Inc/Legacy -I../Drivers/CMSIS/Device/ST/STM32F7xx/Include -I../Drivers/CMSIS/Include -O0 -ffunction-sections -fdata-sections -Wall -fstack-usage -fcyclomatic-complexity -MMD -MP -MF"Core/Src/main.d" -MT"Core/Src/main.o" --specs=nano.specs -mfpu=fpv5-sp-d16 -mfloat-abi=hard -mthumb -o "Core/Src/main.o"
../Core/Src/main.c: In function 'HAL_TIM_PeriodElapsedCallback':
../Core/Src/main.c:124:5: warning: 'main' is normally a non-static function [-Wmain]
  124 | int main(void)
      |     ^~~~
../Core/Src/main.c:183:6: error: static declaration of 'SystemClock_Config' follows non-static declaration
  183 | void SystemClock_Config(void)
      |      ^~~~~~~~~~~~~~~~~~
../Core/Src/main.c:111:6: note: previous declaration of 'SystemClock_Config' with type 'void(void)'
  111 | void SystemClock_Config(void);
      |      ^~~~~~~~~~~~~~~~~~
../Core/Src/main.c:245:1: error: expected declaration or statement at end of input
  245 | }
      | ^
../Core/Src/main.c: At top level:
../Core/Src/main.c:236:6: warning: 'Error_Handler' defined but not used [-Wunused-function]
  236 | void Error_Handler(void)
      |      ^~~~~~~~~~~~~
../Core/Src/main.c:183:6: warning: 'SystemClock_Config' defined but not used [-Wunused-function]
  183 | void SystemClock_Config(void)
      |      ^~~~~~~~~~~~~~~~~~
../Core/Src/main.c:124:5: warning: 'main' defined but not used [-Wunused-function]
  124 | int main(void)
      |     ^~~~
make: *** [Core/Src/subdir.mk:58: Core/Src/main.o] Error 1
"make -j12 all" terminated with exit code 2. Build might be incomplete.
16:30:20 **** Incremental Build of configuration Debug for project ROOM_TEMPERATURE ****
make -j12 all 
arm-none-eabi-gcc "../Core/Src/main.c" -mcpu=cortex-m7 -std=gnu11 -g3 -DDEBUG -DUSE_HAL_DRIVER -DSTM32F746xx -c -I../Core/Inc -I../Drivers/STM32F7xx_HAL_Driver/Inc -I../Drivers/STM32F7xx_HAL_Driver/Inc/Legacy -I../Drivers/CMSIS/Device/ST/STM32F7xx/Include -I../Drivers/CMSIS/Include -O0 -ffunction-sections -fdata-sections -Wall -fstack-usage -fcyclomatic-complexity -MMD -MP -MF"Core/Src/main.d" -MT"Core/Src/main.o" --specs=nano.specs -mfpu=fpv5-sp-d16 -mfloat-abi=hard -mthumb -o "Core/Src/main.o"
arm-none-eabi-gcc -o "ROOM_TEMPERATURE.elf" @"objects.list"   -mcpu=cortex-m7 -T"C:\Users\febe\STM_Temperature_Control\ROOM_TEMPERATURE\STM32F746ZGTX_FLASH.ld" --specs=nosys.specs -Wl,-Map="ROOM_TEMPERATURE.map" -Wl,--gc-sections -static -u _printf_float --specs=nano.specs -mfpu=fpv5-sp-d16 -mfloat-abi=hard -mthumb -Wl,--start-group -lc -lm -Wl,--end-group
Finished building target: ROOM_TEMPERATURE.elf
 
arm-none-eabi-size  ROOM_TEMPERATURE.elf 
arm-none-eabi-objdump -h -S ROOM_TEMPERATURE.elf  > "ROOM_TEMPERATURE.list"
   text	   data	    bss	    dec	    hex	filename
  43224	    788	   3924	  47936	   bb40	ROOM_TEMPERATURE.elf
Finished building: default.size.stdout
 
Finished building: ROOM_TEMPERATURE.list
 
16:54:03 **** Incremental Build of configuration Debug for project ROOM_TEMPERATURE ****
make -j12 all 
arm-none-eabi-gcc "../Core/Src/main.c" -mcpu=cortex-m7 -std=gnu11 -g3 -DDEBUG -DUSE_HAL_DRIVER -DSTM32F746xx -c -I../Core/Inc -I../Drivers/STM32F7xx_HAL_Driver/Inc -I../Drivers/STM32F7xx_HAL_Driver/Inc/Legacy -I../Drivers/CMSIS/Device/ST/STM32F7xx/Include -I../Drivers/CMSIS/Include -O0 -ffunction-sections -fdata-sections -Wall -fstack-usage -fcyclomatic-complexity -MMD -MP -MF"Core/Src/main.d" -MT"Core/Src/main.o" --specs=nano.specs -mfpu=fpv5-sp-d16 -mfloat-abi=hard -mthumb -o "Core/Src/main.o"
arm-none-eabi-gcc -o "ROOM_TEMPERATURE.elf" @"objects.list"   -mcpu=cortex-m7 -T"C:\Users\febe\STM_Temperature_Control\ROOM_TEMPERATURE\STM32F746ZGTX_FLASH.ld" --specs=nosys.specs -Wl,-Map="ROOM_TEMPERATURE.map" -Wl,--gc-sections -static -u _printf_float --specs=nano.specs -mfpu=fpv5-sp-d16 -mfloat-abi=hard -mthumb -Wl,--start-group -lc -lm -Wl,--end-group
Finished building target: ROOM_TEMPERATURE.elf
 
arm-none-eabi-size  ROOM_TEMPERATURE.elf 
arm-none-eabi-objdump -h -S ROOM_TEMPERATURE.elf  > "ROOM_TEMPERATURE.list"
   text	   data	    bss	    dec	    hex	filename
  43512	    788	   3932	  48232	   bc68	ROOM_TEMPERATURE.elf
Finished building: default.size.stdout
 
Finished building: ROOM_TEMPERATURE.list
 
16:55:45 **** Incremental Build of configuration Debug for project ROOM_TEMPERATURE ****
make -j12 all 
arm-none-eabi-gcc "../Core/Src/main.c" -mcpu=cortex-m7 -std=gnu11 -g3 -DDEBUG -DUSE_HAL_DRIVER -DSTM32F746xx -c -I../Core/Inc -I../Drivers/STM32F7xx_HAL_Driver/Inc -I../Drivers/STM32F7xx_HAL_Driver/Inc/Legacy -I../Drivers/CMSIS/Device/ST/STM32F7xx/Include -I../Drivers/CMSIS/Include -O0 -ffunction-sections -fdata-sections -Wall -fstack-usage -fcyclomatic-complexity -MMD -MP -MF"Core/Src/main.d" -MT"Core/Src/main.o" --specs=nano.specs -mfpu=fpv5-sp-d16 -mfloat-abi=hard -mthumb -o "Core/Src/main.o"
arm-none-eabi-gcc -o "ROOM_TEMPERATURE.elf" @"objects.list"   -mcpu=cortex-m7 -T"C:\Users\febe\STM_Temperature_Control\ROOM_TEMPERATURE\STM32F746ZGTX_FLASH.ld" --specs=nosys.specs -Wl,-Map="ROOM_TEMPERATURE.map" -Wl,--gc-sections -static -u _printf_float --specs=nano.specs -mfpu=fpv5-sp-d16 -mfloat-abi=hard -mthumb -Wl,--start-group -lc -lm -Wl,--end-group
Finished building target: ROOM_TEMPERATURE.elf
 
arm-none-eabi-size  ROOM_TEMPERATURE.elf 
arm-none-eabi-objdump -h -S ROOM_TEMPERATURE.elf  > "ROOM_TEMPERATURE.list"
   text	   data	    bss	    dec	    hex	filename
  44112	    792	   3936	  48840	   bec8	ROOM_TEMPERATURE.elf
Finished building: default.size.stdout
 
Finished building: ROOM_TEMPERATURE.list
 
17:20:44 **** Incremental Build of configuration Debug for project ROOM_TEMPERATURE ****
make -j12 all 
arm-none-eabi-gcc "../Core/Src/main.c" -mcpu=cortex-m7 -std=gnu11 -g3 -DDEBUG -DUSE_HAL_DRIVER -DSTM32F746xx -c -I../Core/Inc -I../Drivers/STM32F7xx_HAL_Driver/Inc -I../Drivers/STM32F7xx_HAL_Driver/Inc/Legacy -I../Drivers/CMSIS/Device/ST/STM32F7xx/Include -I../Drivers/CMSIS/Include -O0 -ffunction-sections -fdata-sections -Wall -fstack-usage -fcyclomatic-complexity -MMD -MP -MF"Core/Src/main.d" -MT"Core/Src/main.o" --specs=nano.specs -mfpu=fpv5-sp-d16 -mfloat-abi=hard -mthumb -o "Core/Src/main.o"
arm-none-eabi-gcc "../Core/Src/tim.c" -mcpu=cortex-m7 -std=gnu11 -g3 -DDEBUG -DUSE_HAL_DRIVER -DSTM32F746xx -c -I../Core/Inc -I../Drivers/STM32F7xx_HAL_Driver/Inc -I../Drivers/STM32F7xx_HAL_Driver/Inc/Legacy -I../Drivers/CMSIS/Device/ST/STM32F7xx/Include -I../Drivers/CMSIS/Include -O0 -ffunction-sections -fdata-sections -Wall -fstack-usage -fcyclomatic-complexity -MMD -MP -MF"Core/Src/tim.d" -MT"Core/Src/tim.o" --specs=nano.specs -mfpu=fpv5-sp-d16 -mfloat-abi=hard -mthumb -o "Core/Src/tim.o"
arm-none-eabi-gcc -o "ROOM_TEMPERATURE.elf" @"objects.list"   -mcpu=cortex-m7 -T"C:\Users\febe\STM_Temperature_Control\ROOM_TEMPERATURE\STM32F746ZGTX_FLASH.ld" --specs=nosys.specs -Wl,-Map="ROOM_TEMPERATURE.map" -Wl,--gc-sections -static -u _printf_float --specs=nano.specs -mfpu=fpv5-sp-d16 -mfloat-abi=hard -mthumb -Wl,--start-group -lc -lm -Wl,--end-group
Finished building target: ROOM_TEMPERATURE.elf
 
arm-none-eabi-size  ROOM_TEMPERATURE.elf 
arm-none-eabi-objdump -h -S ROOM_TEMPERATURE.elf  > "ROOM_TEMPERATURE.list"
   text	   data	    bss	    dec	    hex	filename
  44112	    792	   3936	  48840	   bec8	ROOM_TEMPERATURE.elf
Finished building: default.size.stdout
 
Finished building: ROOM_TEMPERATURE.list
 
17:21:18 **** Incremental Build of configuration Debug for project ROOM_TEMPERATURE ****
make -j12 all 
arm-none-eabi-size  ROOM_TEMPERATURE.elf 
   text	   data	    bss	    dec	    hex	filename
  44112	    792	   3936	  48840	   bec8	ROOM_TEMPERATURE.elf
Finished building: default.size.stdout
 
17:22:09 **** Incremental Build of configuration Debug for project ROOM_TEMPERATURE ****
make -j12 all 
arm-none-eabi-size  ROOM_TEMPERATURE.elf 
   text	   data	    bss	    dec	    hex	filename
  44112	    792	   3936	  48840	   bec8	ROOM_TEMPERATURE.elf
Finished building: default.size.stdout
 
17:23:07 **** Incremental Build of configuration Debug for project ROOM_TEMPERATURE ****
make -j12 all 
arm-none-eabi-size  ROOM_TEMPERATURE.elf 
   text	   data	    bss	    dec	    hex	filename
  44112	    792	   3936	  48840	   bec8	ROOM_TEMPERATURE.elf
Finished building: default.size.stdout
 
17:24:37 **** Incremental Build of configuration Debug for project ROOM_TEMPERATURE ****
make -j12 all 
arm-none-eabi-gcc "../Drivers/STM32F7xx_HAL_Driver/Src/stm32f7xx_hal_i2c.c" -mcpu=cortex-m7 -std=gnu11 -g3 -DDEBUG -DUSE_HAL_DRIVER -DSTM32F746xx -c -I../Core/Inc -I../Drivers/STM32F7xx_HAL_Driver/Inc -I../Drivers/STM32F7xx_HAL_Driver/Inc/Legacy -I../Drivers/CMSIS/Device/ST/STM32F7xx/Include -I../Drivers/CMSIS/Include -O0 -ffunction-sections -fdata-sections -Wall -fstack-usage -fcyclomatic-complexity -MMD -MP -MF"Drivers/STM32F7xx_HAL_Driver/Src/stm32f7xx_hal_i2c.d" -MT"Drivers/STM32F7xx_HAL_Driver/Src/stm32f7xx_hal_i2c.o" --specs=nano.specs -mfpu=fpv5-sp-d16 -mfloat-abi=hard -mthumb -o "Drivers/STM32F7xx_HAL_Driver/Src/stm32f7xx_hal_i2c.o"
arm-none-eabi-gcc -o "ROOM_TEMPERATURE.elf" @"objects.list"   -mcpu=cortex-m7 -T"C:\Users\febe\STM_Temperature_Control\ROOM_TEMPERATURE\STM32F746ZGTX_FLASH.ld" --specs=nosys.specs -Wl,-Map="ROOM_TEMPERATURE.map" -Wl,--gc-sections -static -u _printf_float --specs=nano.specs -mfpu=fpv5-sp-d16 -mfloat-abi=hard -mthumb -Wl,--start-group -lc -lm -Wl,--end-group
Finished building target: ROOM_TEMPERATURE.elf
 
arm-none-eabi-size  ROOM_TEMPERATURE.elf 
arm-none-eabi-objdump -h -S ROOM_TEMPERATURE.elf  > "ROOM_TEMPERATURE.list"
   text	   data	    bss	    dec	    hex	filename
  44112	    792	   3936	  48840	   bec8	ROOM_TEMPERATURE.elf
Finished building: default.size.stdout
 
Finished building: ROOM_TEMPERATURE.list
 
17:26:31 **** Incremental Build of configuration Debug for project ROOM_TEMPERATURE ****
make -j12 all 
arm-none-eabi-gcc "../Core/Src/main.c" -mcpu=cortex-m7 -std=gnu11 -g3 -DDEBUG -DUSE_HAL_DRIVER -DSTM32F746xx -c -I../Core/Inc -I../Drivers/STM32F7xx_HAL_Driver/Inc -I../Drivers/STM32F7xx_HAL_Driver/Inc/Legacy -I../Drivers/CMSIS/Device/ST/STM32F7xx/Include -I../Drivers/CMSIS/Include -O0 -ffunction-sections -fdata-sections -Wall -fstack-usage -fcyclomatic-complexity -MMD -MP -MF"Core/Src/main.d" -MT"Core/Src/main.o" --specs=nano.specs -mfpu=fpv5-sp-d16 -mfloat-abi=hard -mthumb -o "Core/Src/main.o"
arm-none-eabi-gcc -o "ROOM_TEMPERATURE.elf" @"objects.list"   -mcpu=cortex-m7 -T"C:\Users\febe\STM_Temperature_Control\ROOM_TEMPERATURE\STM32F746ZGTX_FLASH.ld" --specs=nosys.specs -Wl,-Map="ROOM_TEMPERATURE.map" -Wl,--gc-sections -static -u _printf_float --specs=nano.specs -mfpu=fpv5-sp-d16 -mfloat-abi=hard -mthumb -Wl,--start-group -lc -lm -Wl,--end-group
Finished building target: ROOM_TEMPERATURE.elf
 
arm-none-eabi-size  ROOM_TEMPERATURE.elf 
arm-none-eabi-objdump -h -S ROOM_TEMPERATURE.elf  > "ROOM_TEMPERATURE.list"
   text	   data	    bss	    dec	    hex	filename
  44112	    792	   3936	  48840	   bec8	ROOM_TEMPERATURE.elf
Finished building: default.size.stdout
 
Finished building: ROOM_TEMPERATURE.list
 
17:42:57 **** Incremental Build of configuration Debug for project ROOM_TEMPERATURE ****
make -j12 all 
arm-none-eabi-gcc "../Core/Src/main.c" -mcpu=cortex-m7 -std=gnu11 -g3 -DDEBUG -DUSE_HAL_DRIVER -DSTM32F746xx -c -I../Core/Inc -I../Drivers/STM32F7xx_HAL_Driver/Inc -I../Drivers/STM32F7xx_HAL_Driver/Inc/Legacy -I../Drivers/CMSIS/Device/ST/STM32F7xx/Include -I../Drivers/CMSIS/Include -O0 -ffunction-sections -fdata-sections -Wall -fstack-usage -fcyclomatic-complexity -MMD -MP -MF"Core/Src/main.d" -MT"Core/Src/main.o" --specs=nano.specs -mfpu=fpv5-sp-d16 -mfloat-abi=hard -mthumb -o "Core/Src/main.o"
arm-none-eabi-gcc -o "ROOM_TEMPERATURE.elf" @"objects.list"   -mcpu=cortex-m7 -T"C:\Users\febe\STM_Temperature_Control\ROOM_TEMPERATURE\STM32F746ZGTX_FLASH.ld" --specs=nosys.specs -Wl,-Map="ROOM_TEMPERATURE.map" -Wl,--gc-sections -static -u _printf_float --specs=nano.specs -mfpu=fpv5-sp-d16 -mfloat-abi=hard -mthumb -Wl,--start-group -lc -lm -Wl,--end-group
Finished building target: ROOM_TEMPERATURE.elf
 
arm-none-eabi-size  ROOM_TEMPERATURE.elf 
arm-none-eabi-objdump -h -S ROOM_TEMPERATURE.elf  > "ROOM_TEMPERATURE.list"
   text	   data	    bss	    dec	    hex	filename
  44112	    792	   3936	  48840	   bec8	ROOM_TEMPERATURE.elf
Finished building: default.size.stdout
 
Finished building: ROOM_TEMPERATURE.list
 
13:42:45 **** Incremental Build of configuration Debug for project ROOM_TEMPERATURE ****
make -j12 all 
arm-none-eabi-gcc "../Core/Src/main.c" -mcpu=cortex-m7 -std=gnu11 -g3 -DDEBUG -DUSE_HAL_DRIVER -DSTM32F746xx -c -I../Core/Inc -I../Drivers/STM32F7xx_HAL_Driver/Inc -I../Drivers/STM32F7xx_HAL_Driver/Inc/Legacy -I../Drivers/CMSIS/Device/ST/STM32F7xx/Include -I../Drivers/CMSIS/Include -O0 -ffunction-sections -fdata-sections -Wall -fstack-usage -fcyclomatic-complexity -MMD -MP -MF"Core/Src/main.d" -MT"Core/Src/main.o" --specs=nano.specs -mfpu=fpv5-sp-d16 -mfloat-abi=hard -mthumb -o "Core/Src/main.o"
arm-none-eabi-gcc -o "ROOM_TEMPERATURE.elf" @"objects.list"   -mcpu=cortex-m7 -T"C:\Users\febe\STM_Temperature_Control\ROOM_TEMPERATURE\STM32F746ZGTX_FLASH.ld" --specs=nosys.specs -Wl,-Map="ROOM_TEMPERATURE.map" -Wl,--gc-sections -static -u _printf_float --specs=nano.specs -mfpu=fpv5-sp-d16 -mfloat-abi=hard -mthumb -Wl,--start-group -lc -lm -Wl,--end-group
Finished building target: ROOM_TEMPERATURE.elf
 
arm-none-eabi-size  ROOM_TEMPERATURE.elf 
arm-none-eabi-objdump -h -S ROOM_TEMPERATURE.elf  > "ROOM_TEMPERATURE.list"
   text	   data	    bss	    dec	    hex	filename
  44112	    792	   3936	  48840	   bec8	ROOM_TEMPERATURE.elf
Finished building: default.size.stdout
 
Finished building: ROOM_TEMPERATURE.list
 
14:48:03 **** Incremental Build of configuration Debug for project ROOM_TEMPERATURE ****
make -j12 all 
arm-none-eabi-gcc "../Core/Src/main.c" -mcpu=cortex-m7 -std=gnu11 -g3 -DDEBUG -DUSE_HAL_DRIVER -DSTM32F746xx -c -I../Core/Inc -I../Drivers/STM32F7xx_HAL_Driver/Inc -I../Drivers/STM32F7xx_HAL_Driver/Inc/Legacy -I../Drivers/CMSIS/Device/ST/STM32F7xx/Include -I../Drivers/CMSIS/Include -O0 -ffunction-sections -fdata-sections -Wall -fstack-usage -fcyclomatic-complexity -MMD -MP -MF"Core/Src/main.d" -MT"Core/Src/main.o" --specs=nano.specs -mfpu=fpv5-sp-d16 -mfloat-abi=hard -mthumb -o "Core/Src/main.o"
../Core/Src/main.c: In function 'processCommand':
../Core/Src/main.c:67:5: error: 'else' without a previous 'if'
   67 |     else if (strcmp(command, "READREF") == 0)
      |     ^~~~
../Core/Src/main.c:67:14: warning: implicit declaration of function 'strcmp' [-Wimplicit-function-declaration]
   67 |     else if (strcmp(command, "READREF") == 0)
      |              ^~~~~~
../Core/Src/main.c:33:1: note: include '<string.h>' or provide a declaration of 'strcmp'
   32 | #include "BMPXX80.h"
  +++ |+#include <string.h>
   33 | /* USER CODE END Includes */
../Core/Src/main.c:77:56: warning: format '%f' expects argument of type 'double', but argument 3 has type 'int' [-Wformat=]
   77 |         sprintf((char *)txBuffer, "Wypelnienie PWM: %.2f%%\r\n", pwm_duty_u);
      |                                                     ~~~^         ~~~~~~~~~~
      |                                                        |         |
      |                                                        double    int
      |                                                     %.2d
../Core/Src/main.c:84:24: error: 'huart1' undeclared (first use in this function); did you mean 'huart3'?
   84 |     HAL_UART_Transmit(&huart1, txBuffer, strlen((char *)txBuffer), HAL_MAX_DELAY);
      |                        ^~~~~~
      |                        huart3
../Core/Src/main.c:84:24: note: each undeclared identifier is reported only once for each function it appears in
../Core/Src/main.c:84:42: warning: implicit declaration of function 'strlen' [-Wimplicit-function-declaration]
   84 |     HAL_UART_Transmit(&huart1, txBuffer, strlen((char *)txBuffer), HAL_MAX_DELAY);
      |                                          ^~~~~~
../Core/Src/main.c:84:42: note: include '<string.h>' or provide a declaration of 'strlen'
../Core/Src/main.c:84:42: warning: incompatible implicit declaration of built-in function 'strlen' [-Wbuiltin-declaration-mismatch]
../Core/Src/main.c:84:42: note: include '<string.h>' or provide a declaration of 'strlen'
../Core/Src/main.c: In function 'HAL_UART_RxCpltCallback':
../Core/Src/main.c:89:17: error: 'usart3buffer' undeclared (first use in this function); did you mean 'setbuffer'?
   89 |                 usart3buffer[buffer_size - 1] = '\0';
      |                 ^~~~~~~~~~~~
      |                 setbuffer
make: *** [Core/Src/subdir.mk:58: Core/Src/main.o] Error 1
"make -j12 all" terminated with exit code 2. Build might be incomplete.
14:48:17 **** Incremental Build of configuration Debug for project ROOM_TEMPERATURE ****
make -j12 all 
arm-none-eabi-gcc "../Core/Src/main.c" -mcpu=cortex-m7 -std=gnu11 -g3 -DDEBUG -DUSE_HAL_DRIVER -DSTM32F746xx -c -I../Core/Inc -I../Drivers/STM32F7xx_HAL_Driver/Inc -I../Drivers/STM32F7xx_HAL_Driver/Inc/Legacy -I../Drivers/CMSIS/Device/ST/STM32F7xx/Include -I../Drivers/CMSIS/Include -O0 -ffunction-sections -fdata-sections -Wall -fstack-usage -fcyclomatic-complexity -MMD -MP -MF"Core/Src/main.d" -MT"Core/Src/main.o" --specs=nano.specs -mfpu=fpv5-sp-d16 -mfloat-abi=hard -mthumb -o "Core/Src/main.o"
../Core/Src/main.c: In function 'processCommand':
../Core/Src/main.c:67:5: error: 'else' without a previous 'if'
   67 |     else if (strcmp(command, "READREF") == 0)
      |     ^~~~
../Core/Src/main.c:67:14: warning: implicit declaration of function 'strcmp' [-Wimplicit-function-declaration]
   67 |     else if (strcmp(command, "READREF") == 0)
      |              ^~~~~~
../Core/Src/main.c:33:1: note: include '<string.h>' or provide a declaration of 'strcmp'
   32 | #include "BMPXX80.h"
  +++ |+#include <string.h>
   33 | /* USER CODE END Includes */
../Core/Src/main.c:77:56: warning: format '%f' expects argument of type 'double', but argument 3 has type 'int' [-Wformat=]
   77 |         sprintf((char *)txBuffer, "Wypelnienie PWM: %.2f%%\r\n", pwm_duty_u);
      |                                                     ~~~^         ~~~~~~~~~~
      |                                                        |         |
      |                                                        double    int
      |                                                     %.2d
../Core/Src/main.c:84:42: warning: implicit declaration of function 'strlen' [-Wimplicit-function-declaration]
   84 |     HAL_UART_Transmit(&huart3, txBuffer, strlen((char *)txBuffer), HAL_MAX_DELAY);
      |                                          ^~~~~~
../Core/Src/main.c:84:42: note: include '<string.h>' or provide a declaration of 'strlen'
../Core/Src/main.c:84:42: warning: incompatible implicit declaration of built-in function 'strlen' [-Wbuiltin-declaration-mismatch]
../Core/Src/main.c:84:42: note: include '<string.h>' or provide a declaration of 'strlen'
../Core/Src/main.c: In function 'HAL_UART_RxCpltCallback':
../Core/Src/main.c:89:17: error: 'usart3buffer' undeclared (first use in this function); did you mean 'setbuffer'?
   89 |                 usart3buffer[buffer_size - 1] = '\0';
      |                 ^~~~~~~~~~~~
      |                 setbuffer
../Core/Src/main.c:89:17: note: each undeclared identifier is reported only once for each function it appears in
make: *** [Core/Src/subdir.mk:58: Core/Src/main.o] Error 1
"make -j12 all" terminated with exit code 2. Build might be incomplete.
14:48:24 **** Incremental Build of configuration Debug for project ROOM_TEMPERATURE ****
make -j12 all 
arm-none-eabi-gcc "../Core/Src/main.c" -mcpu=cortex-m7 -std=gnu11 -g3 -DDEBUG -DUSE_HAL_DRIVER -DSTM32F746xx -c -I../Core/Inc -I../Drivers/STM32F7xx_HAL_Driver/Inc -I../Drivers/STM32F7xx_HAL_Driver/Inc/Legacy -I../Drivers/CMSIS/Device/ST/STM32F7xx/Include -I../Drivers/CMSIS/Include -O0 -ffunction-sections -fdata-sections -Wall -fstack-usage -fcyclomatic-complexity -MMD -MP -MF"Core/Src/main.d" -MT"Core/Src/main.o" --specs=nano.specs -mfpu=fpv5-sp-d16 -mfloat-abi=hard -mthumb -o "Core/Src/main.o"
../Core/Src/main.c: In function 'processCommand':
../Core/Src/main.c:67:9: warning: implicit declaration of function 'strcmp' [-Wimplicit-function-declaration]
   67 |     if (strcmp(command, "READREF") == 0)
      |         ^~~~~~
../Core/Src/main.c:33:1: note: include '<string.h>' or provide a declaration of 'strcmp'
   32 | #include "BMPXX80.h"
  +++ |+#include <string.h>
   33 | /* USER CODE END Includes */
../Core/Src/main.c:77:56: warning: format '%f' expects argument of type 'double', but argument 3 has type 'int' [-Wformat=]
   77 |         sprintf((char *)txBuffer, "Wypelnienie PWM: %.2f%%\r\n", pwm_duty_u);
      |                                                     ~~~^         ~~~~~~~~~~
      |                                                        |         |
      |                                                        double    int
      |                                                     %.2d
../Core/Src/main.c:84:42: warning: implicit declaration of function 'strlen' [-Wimplicit-function-declaration]
   84 |     HAL_UART_Transmit(&huart3, txBuffer, strlen((char *)txBuffer), HAL_MAX_DELAY);
      |                                          ^~~~~~
../Core/Src/main.c:84:42: note: include '<string.h>' or provide a declaration of 'strlen'
../Core/Src/main.c:84:42: warning: incompatible implicit declaration of built-in function 'strlen' [-Wbuiltin-declaration-mismatch]
../Core/Src/main.c:84:42: note: include '<string.h>' or provide a declaration of 'strlen'
../Core/Src/main.c: In function 'HAL_UART_RxCpltCallback':
../Core/Src/main.c:89:17: error: 'usart3buffer' undeclared (first use in this function); did you mean 'setbuffer'?
   89 |                 usart3buffer[buffer_size - 1] = '\0';
      |                 ^~~~~~~~~~~~
      |                 setbuffer
../Core/Src/main.c:89:17: note: each undeclared identifier is reported only once for each function it appears in
make: *** [Core/Src/subdir.mk:58: Core/Src/main.o] Error 1
"make -j12 all" terminated with exit code 2. Build might be incomplete.
14:48:44 **** Incremental Build of configuration Debug for project ROOM_TEMPERATURE ****
make -j12 all 
arm-none-eabi-gcc "../Core/Src/main.c" -mcpu=cortex-m7 -std=gnu11 -g3 -DDEBUG -DUSE_HAL_DRIVER -DSTM32F746xx -c -I../Core/Inc -I../Drivers/STM32F7xx_HAL_Driver/Inc -I../Drivers/STM32F7xx_HAL_Driver/Inc/Legacy -I../Drivers/CMSIS/Device/ST/STM32F7xx/Include -I../Drivers/CMSIS/Include -O0 -ffunction-sections -fdata-sections -Wall -fstack-usage -fcyclomatic-complexity -MMD -MP -MF"Core/Src/main.d" -MT"Core/Src/main.o" --specs=nano.specs -mfpu=fpv5-sp-d16 -mfloat-abi=hard -mthumb -o "Core/Src/main.o"
../Core/Src/main.c: In function 'processCommand':
../Core/Src/main.c:67:9: warning: implicit declaration of function 'strcmp' [-Wimplicit-function-declaration]
   67 |     if (strcmp(command, "READREF") == 0)
      |         ^~~~~~
../Core/Src/main.c:33:1: note: include '<string.h>' or provide a declaration of 'strcmp'
   32 | #include "BMPXX80.h"
  +++ |+#include <string.h>
   33 | /* USER CODE END Includes */
../Core/Src/main.c:77:56: warning: format '%f' expects argument of type 'double', but argument 3 has type 'int' [-Wformat=]
   77 |         sprintf((char *)txBuffer, "Wypelnienie PWM: %.2f%%\r\n", pwm_duty_u);
      |                                                     ~~~^         ~~~~~~~~~~
      |                                                        |         |
      |                                                        double    int
      |                                                     %.2d
../Core/Src/main.c:84:42: warning: implicit declaration of function 'strlen' [-Wimplicit-function-declaration]
   84 |     HAL_UART_Transmit(&huart3, txBuffer, strlen((char *)txBuffer), HAL_MAX_DELAY);
      |                                          ^~~~~~
../Core/Src/main.c:84:42: note: include '<string.h>' or provide a declaration of 'strlen'
../Core/Src/main.c:84:42: warning: incompatible implicit declaration of built-in function 'strlen' [-Wbuiltin-declaration-mismatch]
../Core/Src/main.c:84:42: note: include '<string.h>' or provide a declaration of 'strlen'
arm-none-eabi-gcc -o "ROOM_TEMPERATURE.elf" @"objects.list"   -mcpu=cortex-m7 -T"C:\Users\febe\STM_Temperature_Control\ROOM_TEMPERATURE\STM32F746ZGTX_FLASH.ld" --specs=nosys.specs -Wl,-Map="ROOM_TEMPERATURE.map" -Wl,--gc-sections -static -u _printf_float --specs=nano.specs -mfpu=fpv5-sp-d16 -mfloat-abi=hard -mthumb -Wl,--start-group -lc -lm -Wl,--end-group
Finished building target: ROOM_TEMPERATURE.elf
 
arm-none-eabi-size  ROOM_TEMPERATURE.elf 
arm-none-eabi-objdump -h -S ROOM_TEMPERATURE.elf  > "ROOM_TEMPERATURE.list"
   text	   data	    bss	    dec	    hex	filename
  47136	    792	   4088	  52016	   cb30	ROOM_TEMPERATURE.elf
Finished building: default.size.stdout
 
Finished building: ROOM_TEMPERATURE.list
 
14:50:02 **** Incremental Build of configuration Debug for project ROOM_TEMPERATURE ****
make -j12 all 
arm-none-eabi-gcc "../Core/Src/main.c" -mcpu=cortex-m7 -std=gnu11 -g3 -DDEBUG -DUSE_HAL_DRIVER -DSTM32F746xx -c -I../Core/Inc -I../Drivers/STM32F7xx_HAL_Driver/Inc -I../Drivers/STM32F7xx_HAL_Driver/Inc/Legacy -I../Drivers/CMSIS/Device/ST/STM32F7xx/Include -I../Drivers/CMSIS/Include -O0 -ffunction-sections -fdata-sections -Wall -fstack-usage -fcyclomatic-complexity -MMD -MP -MF"Core/Src/main.d" -MT"Core/Src/main.o" --specs=nano.specs -mfpu=fpv5-sp-d16 -mfloat-abi=hard -mthumb -o "Core/Src/main.o"
../Core/Src/main.c: In function 'processCommand':
../Core/Src/main.c:67:9: warning: implicit declaration of function 'strcmp' [-Wimplicit-function-declaration]
   67 |     if (strcmp(command, "READREF") == 0)
      |         ^~~~~~
../Core/Src/main.c:33:1: note: include '<string.h>' or provide a declaration of 'strcmp'
   32 | #include "BMPXX80.h"
  +++ |+#include <string.h>
   33 | /* USER CODE END Includes */
../Core/Src/main.c:77:56: warning: format '%f' expects argument of type 'double', but argument 3 has type 'int' [-Wformat=]
   77 |         sprintf((char *)txBuffer, "Wypelnienie PWM: %.2f%%\r\n", pwm_duty_u);
      |                                                     ~~~^         ~~~~~~~~~~
      |                                                        |         |
      |                                                        double    int
      |                                                     %.2d
../Core/Src/main.c:83:35: warning: multi-character character constant [-Wmultichar]
   83 |     HAL_UART_Transmit_IT(&huart3, 'test', 5)
      |                                   ^~~~~~
../Core/Src/main.c:83:35: warning: passing argument 2 of 'HAL_UART_Transmit_IT' makes pointer from integer without a cast [-Wint-conversion]
   83 |     HAL_UART_Transmit_IT(&huart3, 'test', 5)
      |                                   ^~~~~~
      |                                   |
      |                                   int
In file included from ../Core/Inc/stm32f7xx_hal_conf.h:415,
                 from ../Drivers/STM32F7xx_HAL_Driver/Inc/stm32f7xx_hal.h:29,
                 from ../Core/Inc/main.h:30,
                 from ../Core/Src/main.c:20:
../Drivers/STM32F7xx_HAL_Driver/Inc/stm32f7xx_hal_uart.h:1555:82: note: expected 'const uint8_t *' {aka 'const unsigned char *'} but argument is of type 'int'
 1555 | HAL_StatusTypeDef HAL_UART_Transmit_IT(UART_HandleTypeDef *huart, const uint8_t *pData, uint16_t Size);
      |                                                                   ~~~~~~~~~~~~~~~^~~~~
../Core/Src/main.c:83:45: error: expected ';' before 'HAL_UART_Transmit'
   83 |     HAL_UART_Transmit_IT(&huart3, 'test', 5)
      |                                             ^
      |                                             ;
   84 |     HAL_UART_Transmit(&huart3, txBuffer, strlen((char *)txBuffer), HAL_MAX_DELAY);
      |     ~~~~~~~~~~~~~~~~~                        
make: *** [Core/Src/subdir.mk:58: Core/Src/main.o] Error 1
"make -j12 all" terminated with exit code 2. Build might be incomplete.
14:50:08 **** Incremental Build of configuration Debug for project ROOM_TEMPERATURE ****
make -j12 all 
arm-none-eabi-gcc "../Core/Src/main.c" -mcpu=cortex-m7 -std=gnu11 -g3 -DDEBUG -DUSE_HAL_DRIVER -DSTM32F746xx -c -I../Core/Inc -I../Drivers/STM32F7xx_HAL_Driver/Inc -I../Drivers/STM32F7xx_HAL_Driver/Inc/Legacy -I../Drivers/CMSIS/Device/ST/STM32F7xx/Include -I../Drivers/CMSIS/Include -O0 -ffunction-sections -fdata-sections -Wall -fstack-usage -fcyclomatic-complexity -MMD -MP -MF"Core/Src/main.d" -MT"Core/Src/main.o" --specs=nano.specs -mfpu=fpv5-sp-d16 -mfloat-abi=hard -mthumb -o "Core/Src/main.o"
../Core/Src/main.c: In function 'processCommand':
../Core/Src/main.c:67:9: warning: implicit declaration of function 'strcmp' [-Wimplicit-function-declaration]
   67 |     if (strcmp(command, "READREF") == 0)
      |         ^~~~~~
../Core/Src/main.c:33:1: note: include '<string.h>' or provide a declaration of 'strcmp'
   32 | #include "BMPXX80.h"
  +++ |+#include <string.h>
   33 | /* USER CODE END Includes */
../Core/Src/main.c:77:56: warning: format '%f' expects argument of type 'double', but argument 3 has type 'int' [-Wformat=]
   77 |         sprintf((char *)txBuffer, "Wypelnienie PWM: %.2f%%\r\n", pwm_duty_u);
      |                                                     ~~~^         ~~~~~~~~~~
      |                                                        |         |
      |                                                        double    int
      |                                                     %.2d
../Core/Src/main.c:83:35: warning: multi-character character constant [-Wmultichar]
   83 |     HAL_UART_Transmit_IT(&huart3, 'test', 5);
      |                                   ^~~~~~
../Core/Src/main.c:83:35: warning: passing argument 2 of 'HAL_UART_Transmit_IT' makes pointer from integer without a cast [-Wint-conversion]
   83 |     HAL_UART_Transmit_IT(&huart3, 'test', 5);
      |                                   ^~~~~~
      |                                   |
      |                                   int
In file included from ../Core/Inc/stm32f7xx_hal_conf.h:415,
                 from ../Drivers/STM32F7xx_HAL_Driver/Inc/stm32f7xx_hal.h:29,
                 from ../Core/Inc/main.h:30,
                 from ../Core/Src/main.c:20:
../Drivers/STM32F7xx_HAL_Driver/Inc/stm32f7xx_hal_uart.h:1555:82: note: expected 'const uint8_t *' {aka 'const unsigned char *'} but argument is of type 'int'
 1555 | HAL_StatusTypeDef HAL_UART_Transmit_IT(UART_HandleTypeDef *huart, const uint8_t *pData, uint16_t Size);
      |                                                                   ~~~~~~~~~~~~~~~^~~~~
../Core/Src/main.c:84:42: warning: implicit declaration of function 'strlen' [-Wimplicit-function-declaration]
   84 |     HAL_UART_Transmit(&huart3, txBuffer, strlen((char *)txBuffer), HAL_MAX_DELAY);
      |                                          ^~~~~~
../Core/Src/main.c:84:42: note: include '<string.h>' or provide a declaration of 'strlen'
../Core/Src/main.c:84:42: warning: incompatible implicit declaration of built-in function 'strlen' [-Wbuiltin-declaration-mismatch]
../Core/Src/main.c:84:42: note: include '<string.h>' or provide a declaration of 'strlen'
arm-none-eabi-gcc -o "ROOM_TEMPERATURE.elf" @"objects.list"   -mcpu=cortex-m7 -T"C:\Users\febe\STM_Temperature_Control\ROOM_TEMPERATURE\STM32F746ZGTX_FLASH.ld" --specs=nosys.specs -Wl,-Map="ROOM_TEMPERATURE.map" -Wl,--gc-sections -static -u _printf_float --specs=nano.specs -mfpu=fpv5-sp-d16 -mfloat-abi=hard -mthumb -Wl,--start-group -lc -lm -Wl,--end-group
Finished building target: ROOM_TEMPERATURE.elf
 
arm-none-eabi-size  ROOM_TEMPERATURE.elf 
arm-none-eabi-objdump -h -S ROOM_TEMPERATURE.elf  > "ROOM_TEMPERATURE.list"
   text	   data	    bss	    dec	    hex	filename
  47720	    792	   4088	  52600	   cd78	ROOM_TEMPERATURE.elf
Finished building: default.size.stdout
 
Finished building: ROOM_TEMPERATURE.list
 
14:51:37 **** Incremental Build of configuration Debug for project ROOM_TEMPERATURE ****
make -j12 all 
arm-none-eabi-gcc "../Core/Src/main.c" -mcpu=cortex-m7 -std=gnu11 -g3 -DDEBUG -DUSE_HAL_DRIVER -DSTM32F746xx -c -I../Core/Inc -I../Drivers/STM32F7xx_HAL_Driver/Inc -I../Drivers/STM32F7xx_HAL_Driver/Inc/Legacy -I../Drivers/CMSIS/Device/ST/STM32F7xx/Include -I../Drivers/CMSIS/Include -O0 -ffunction-sections -fdata-sections -Wall -fstack-usage -fcyclomatic-complexity -MMD -MP -MF"Core/Src/main.d" -MT"Core/Src/main.o" --specs=nano.specs -mfpu=fpv5-sp-d16 -mfloat-abi=hard -mthumb -o "Core/Src/main.o"
../Core/Src/main.c: In function 'processCommand':
../Core/Src/main.c:66:9: warning: implicit declaration of function 'strncmp' [-Wimplicit-function-declaration]
   66 |     if (strncmp(command, "READREF", 7) == 0) // Use strncmp to avoid trailing spaces
      |         ^~~~~~~
../Core/Src/main.c:33:1: note: include '<string.h>' or provide a declaration of 'strncmp'
   32 | #include "BMPXX80.h"
  +++ |+#include <string.h>
   33 | /* USER CODE END Includes */
../Core/Src/main.c:66:37: warning: 'strncmp' argument 3 type is 'int' where 'unsigned int' is expected in a call to built-in function declared without prototype [-Wbuiltin-declaration-mismatch]
   66 |     if (strncmp(command, "READREF", 7) == 0) // Use strncmp to avoid trailing spaces
      |                                     ^
<built-in>: note: built-in 'strncmp' declared here
../Core/Src/main.c:70:42: warning: 'strncmp' argument 3 type is 'int' where 'unsigned int' is expected in a call to built-in function declared without prototype [-Wbuiltin-declaration-mismatch]
   70 |     else if (strncmp(command, "READSET", 7) == 0)
      |                                          ^
<built-in>: note: built-in 'strncmp' declared here
../Core/Src/main.c:74:42: warning: 'strncmp' argument 3 type is 'int' where 'unsigned int' is expected in a call to built-in function declared without prototype [-Wbuiltin-declaration-mismatch]
   74 |     else if (strncmp(command, "READPWM", 7) == 0)
      |                                          ^
<built-in>: note: built-in 'strncmp' declared here
../Core/Src/main.c:84:42: warning: implicit declaration of function 'strlen' [-Wimplicit-function-declaration]
   84 |     HAL_UART_Transmit(&huart3, txBuffer, strlen((char *)txBuffer), HAL_MAX_DELAY);
      |                                          ^~~~~~
../Core/Src/main.c:84:42: note: include '<string.h>' or provide a declaration of 'strlen'
../Core/Src/main.c:84:42: warning: incompatible implicit declaration of built-in function 'strlen' [-Wbuiltin-declaration-mismatch]
../Core/Src/main.c:84:42: note: include '<string.h>' or provide a declaration of 'strlen'
../Core/Src/main.c: In function 'HAL_UART_RxCpltCallback':
../Core/Src/main.c:96:9: warning: implicit declaration of function 'memset' [-Wimplicit-function-declaration]
   96 |         memset(receiveBuffer, 0, buffer_size);
      |         ^~~~~~
../Core/Src/main.c:96:9: note: include '<string.h>' or provide a declaration of 'memset'
../Core/Src/main.c:96:9: warning: incompatible implicit declaration of built-in function 'memset' [-Wbuiltin-declaration-mismatch]
../Core/Src/main.c:96:9: note: include '<string.h>' or provide a declaration of 'memset'
arm-none-eabi-gcc -o "ROOM_TEMPERATURE.elf" @"objects.list"   -mcpu=cortex-m7 -T"C:\Users\febe\STM_Temperature_Control\ROOM_TEMPERATURE\STM32F746ZGTX_FLASH.ld" --specs=nosys.specs -Wl,-Map="ROOM_TEMPERATURE.map" -Wl,--gc-sections -static -u _printf_float --specs=nano.specs -mfpu=fpv5-sp-d16 -mfloat-abi=hard -mthumb -Wl,--start-group -lc -lm -Wl,--end-group
Finished building target: ROOM_TEMPERATURE.elf
 
arm-none-eabi-size  ROOM_TEMPERATURE.elf 
arm-none-eabi-objdump -h -S ROOM_TEMPERATURE.elf  > "ROOM_TEMPERATURE.list"
   text	   data	    bss	    dec	    hex	filename
  47160	    792	   4088	  52040	   cb48	ROOM_TEMPERATURE.elf
Finished building: default.size.stdout
 
Finished building: ROOM_TEMPERATURE.list
 
14:54:59 **** Incremental Build of configuration Debug for project ROOM_TEMPERATURE ****
make -j12 all 
arm-none-eabi-gcc "../Core/Src/main.c" -mcpu=cortex-m7 -std=gnu11 -g3 -DDEBUG -DUSE_HAL_DRIVER -DSTM32F746xx -c -I../Core/Inc -I../Drivers/STM32F7xx_HAL_Driver/Inc -I../Drivers/STM32F7xx_HAL_Driver/Inc/Legacy -I../Drivers/CMSIS/Device/ST/STM32F7xx/Include -I../Drivers/CMSIS/Include -O0 -ffunction-sections -fdata-sections -Wall -fstack-usage -fcyclomatic-complexity -MMD -MP -MF"Core/Src/main.d" -MT"Core/Src/main.o" --specs=nano.specs -mfpu=fpv5-sp-d16 -mfloat-abi=hard -mthumb -o "Core/Src/main.o"
../Core/Src/main.c: In function 'processCommand':
../Core/Src/main.c:66:9: warning: implicit declaration of function 'strncmp' [-Wimplicit-function-declaration]
   66 |     if (strncmp(command, "READREF", 7) == 0) // Use strncmp to avoid trailing spaces
      |         ^~~~~~~
../Core/Src/main.c:33:1: note: include '<string.h>' or provide a declaration of 'strncmp'
   32 | #include "BMPXX80.h"
  +++ |+#include <string.h>
   33 | /* USER CODE END Includes */
../Core/Src/main.c:66:37: warning: 'strncmp' argument 3 type is 'int' where 'unsigned int' is expected in a call to built-in function declared without prototype [-Wbuiltin-declaration-mismatch]
   66 |     if (strncmp(command, "READREF", 7) == 0) // Use strncmp to avoid trailing spaces
      |                                     ^
<built-in>: note: built-in 'strncmp' declared here
../Core/Src/main.c:70:42: warning: 'strncmp' argument 3 type is 'int' where 'unsigned int' is expected in a call to built-in function declared without prototype [-Wbuiltin-declaration-mismatch]
   70 |     else if (strncmp(command, "READSET", 7) == 0)
      |                                          ^
<built-in>: note: built-in 'strncmp' declared here
../Core/Src/main.c:74:42: warning: 'strncmp' argument 3 type is 'int' where 'unsigned int' is expected in a call to built-in function declared without prototype [-Wbuiltin-declaration-mismatch]
   74 |     else if (strncmp(command, "READPWM", 7) == 0)
      |                                          ^
<built-in>: note: built-in 'strncmp' declared here
../Core/Src/main.c:84:42: warning: implicit declaration of function 'strlen' [-Wimplicit-function-declaration]
   84 |     HAL_UART_Transmit(&huart3, txBuffer, strlen((char *)txBuffer));
      |                                          ^~~~~~
../Core/Src/main.c:84:42: note: include '<string.h>' or provide a declaration of 'strlen'
../Core/Src/main.c:84:42: warning: incompatible implicit declaration of built-in function 'strlen' [-Wbuiltin-declaration-mismatch]
../Core/Src/main.c:84:42: note: include '<string.h>' or provide a declaration of 'strlen'
../Core/Src/main.c:84:5: error: too few arguments to function 'HAL_UART_Transmit'
   84 |     HAL_UART_Transmit(&huart3, txBuffer, strlen((char *)txBuffer));
      |     ^~~~~~~~~~~~~~~~~
In file included from ../Core/Inc/stm32f7xx_hal_conf.h:415,
                 from ../Drivers/STM32F7xx_HAL_Driver/Inc/stm32f7xx_hal.h:29,
                 from ../Core/Inc/main.h:30,
                 from ../Core/Src/main.c:20:
../Drivers/STM32F7xx_HAL_Driver/Inc/stm32f7xx_hal_uart.h:1553:19: note: declared here
 1553 | HAL_StatusTypeDef HAL_UART_Transmit(UART_HandleTypeDef *huart, const uint8_t *pData, uint16_t Size, uint32_t Timeout);
      |                   ^~~~~~~~~~~~~~~~~
../Core/Src/main.c: In function 'HAL_UART_RxCpltCallback':
../Core/Src/main.c:96:9: warning: implicit declaration of function 'memset' [-Wimplicit-function-declaration]
   96 |         memset(receiveBuffer, 0, buffer_size);
      |         ^~~~~~
../Core/Src/main.c:96:9: note: include '<string.h>' or provide a declaration of 'memset'
../Core/Src/main.c:96:9: warning: incompatible implicit declaration of built-in function 'memset' [-Wbuiltin-declaration-mismatch]
../Core/Src/main.c:96:9: note: include '<string.h>' or provide a declaration of 'memset'
make: *** [Core/Src/subdir.mk:58: Core/Src/main.o] Error 1
"make -j12 all" terminated with exit code 2. Build might be incomplete.
14:55:30 **** Incremental Build of configuration Debug for project ROOM_TEMPERATURE ****
make -j12 all 
arm-none-eabi-gcc "../Core/Src/main.c" -mcpu=cortex-m7 -std=gnu11 -g3 -DDEBUG -DUSE_HAL_DRIVER -DSTM32F746xx -c -I../Core/Inc -I../Drivers/STM32F7xx_HAL_Driver/Inc -I../Drivers/STM32F7xx_HAL_Driver/Inc/Legacy -I../Drivers/CMSIS/Device/ST/STM32F7xx/Include -I../Drivers/CMSIS/Include -O0 -ffunction-sections -fdata-sections -Wall -fstack-usage -fcyclomatic-complexity -MMD -MP -MF"Core/Src/main.d" -MT"Core/Src/main.o" --specs=nano.specs -mfpu=fpv5-sp-d16 -mfloat-abi=hard -mthumb -o "Core/Src/main.o"
../Core/Src/main.c: In function 'processCommand':
../Core/Src/main.c:66:9: warning: implicit declaration of function 'strncmp' [-Wimplicit-function-declaration]
   66 |     if (strncmp(command, "READREF", 7) == 0) // Use strncmp to avoid trailing spaces
      |         ^~~~~~~
../Core/Src/main.c:33:1: note: include '<string.h>' or provide a declaration of 'strncmp'
   32 | #include "BMPXX80.h"
  +++ |+#include <string.h>
   33 | /* USER CODE END Includes */
../Core/Src/main.c:66:37: warning: 'strncmp' argument 3 type is 'int' where 'unsigned int' is expected in a call to built-in function declared without prototype [-Wbuiltin-declaration-mismatch]
   66 |     if (strncmp(command, "READREF", 7) == 0) // Use strncmp to avoid trailing spaces
      |                                     ^
<built-in>: note: built-in 'strncmp' declared here
../Core/Src/main.c:70:42: warning: 'strncmp' argument 3 type is 'int' where 'unsigned int' is expected in a call to built-in function declared without prototype [-Wbuiltin-declaration-mismatch]
   70 |     else if (strncmp(command, "READSET", 7) == 0)
      |                                          ^
<built-in>: note: built-in 'strncmp' declared here
../Core/Src/main.c:74:42: warning: 'strncmp' argument 3 type is 'int' where 'unsigned int' is expected in a call to built-in function declared without prototype [-Wbuiltin-declaration-mismatch]
   74 |     else if (strncmp(command, "READPWM", 7) == 0)
      |                                          ^
<built-in>: note: built-in 'strncmp' declared here
../Core/Src/main.c:84:42: warning: implicit declaration of function 'strlen' [-Wimplicit-function-declaration]
   84 |     HAL_UART_Transmit(&huart3, txBuffer, strlen((char *)txBuffer), 1000);
      |                                          ^~~~~~
../Core/Src/main.c:84:42: note: include '<string.h>' or provide a declaration of 'strlen'
../Core/Src/main.c:84:42: warning: incompatible implicit declaration of built-in function 'strlen' [-Wbuiltin-declaration-mismatch]
../Core/Src/main.c:84:42: note: include '<string.h>' or provide a declaration of 'strlen'
../Core/Src/main.c: In function 'HAL_UART_RxCpltCallback':
../Core/Src/main.c:96:9: warning: implicit declaration of function 'memset' [-Wimplicit-function-declaration]
   96 |         memset(receiveBuffer, 0, buffer_size);
      |         ^~~~~~
../Core/Src/main.c:96:9: note: include '<string.h>' or provide a declaration of 'memset'
../Core/Src/main.c:96:9: warning: incompatible implicit declaration of built-in function 'memset' [-Wbuiltin-declaration-mismatch]
../Core/Src/main.c:96:9: note: include '<string.h>' or provide a declaration of 'memset'
arm-none-eabi-gcc -o "ROOM_TEMPERATURE.elf" @"objects.list"   -mcpu=cortex-m7 -T"C:\Users\febe\STM_Temperature_Control\ROOM_TEMPERATURE\STM32F746ZGTX_FLASH.ld" --specs=nosys.specs -Wl,-Map="ROOM_TEMPERATURE.map" -Wl,--gc-sections -static -u _printf_float --specs=nano.specs -mfpu=fpv5-sp-d16 -mfloat-abi=hard -mthumb -Wl,--start-group -lc -lm -Wl,--end-group
Finished building target: ROOM_TEMPERATURE.elf
 
arm-none-eabi-size  ROOM_TEMPERATURE.elf 
arm-none-eabi-objdump -h -S ROOM_TEMPERATURE.elf  > "ROOM_TEMPERATURE.list"
   text	   data	    bss	    dec	    hex	filename
  47160	    792	   4088	  52040	   cb48	ROOM_TEMPERATURE.elf
Finished building: default.size.stdout
 
Finished building: ROOM_TEMPERATURE.list
 
14:56:21 **** Incremental Build of configuration Debug for project ROOM_TEMPERATURE ****
make -j12 all 
arm-none-eabi-gcc "../Core/Src/main.c" -mcpu=cortex-m7 -std=gnu11 -g3 -DDEBUG -DUSE_HAL_DRIVER -DSTM32F746xx -c -I../Core/Inc -I../Drivers/STM32F7xx_HAL_Driver/Inc -I../Drivers/STM32F7xx_HAL_Driver/Inc/Legacy -I../Drivers/CMSIS/Device/ST/STM32F7xx/Include -I../Drivers/CMSIS/Include -O0 -ffunction-sections -fdata-sections -Wall -fstack-usage -fcyclomatic-complexity -MMD -MP -MF"Core/Src/main.d" -MT"Core/Src/main.o" --specs=nano.specs -mfpu=fpv5-sp-d16 -mfloat-abi=hard -mthumb -o "Core/Src/main.o"
../Core/Src/main.c: In function 'processCommand':
../Core/Src/main.c:66:9: warning: implicit declaration of function 'strncmp' [-Wimplicit-function-declaration]
   66 |     if (strncmp(command, "READREF", 7) == 0) // Use strncmp to avoid trailing spaces
      |         ^~~~~~~
../Core/Src/main.c:33:1: note: include '<string.h>' or provide a declaration of 'strncmp'
   32 | #include "BMPXX80.h"
  +++ |+#include <string.h>
   33 | /* USER CODE END Includes */
../Core/Src/main.c:66:37: warning: 'strncmp' argument 3 type is 'int' where 'unsigned int' is expected in a call to built-in function declared without prototype [-Wbuiltin-declaration-mismatch]
   66 |     if (strncmp(command, "READREF", 7) == 0) // Use strncmp to avoid trailing spaces
      |                                     ^
<built-in>: note: built-in 'strncmp' declared here
../Core/Src/main.c:70:42: warning: 'strncmp' argument 3 type is 'int' where 'unsigned int' is expected in a call to built-in function declared without prototype [-Wbuiltin-declaration-mismatch]
   70 |     else if (strncmp(command, "READSET", 7) == 0)
      |                                          ^
<built-in>: note: built-in 'strncmp' declared here
../Core/Src/main.c:74:42: warning: 'strncmp' argument 3 type is 'int' where 'unsigned int' is expected in a call to built-in function declared without prototype [-Wbuiltin-declaration-mismatch]
   74 |     else if (strncmp(command, "READPWM", 7) == 0)
      |                                          ^
<built-in>: note: built-in 'strncmp' declared here
../Core/Src/main.c:84:42: warning: implicit declaration of function 'strlen' [-Wimplicit-function-declaration]
   84 |     HAL_UART_Transmit(&huart3, txBuffer, strlen((char *)txBuffer), 1000);
      |                                          ^~~~~~
../Core/Src/main.c:84:42: note: include '<string.h>' or provide a declaration of 'strlen'
../Core/Src/main.c:84:42: warning: incompatible implicit declaration of built-in function 'strlen' [-Wbuiltin-declaration-mismatch]
../Core/Src/main.c:84:42: note: include '<string.h>' or provide a declaration of 'strlen'
../Core/Src/main.c: In function 'HAL_UART_RxCpltCallback':
../Core/Src/main.c:98:9: warning: implicit declaration of function 'memset' [-Wimplicit-function-declaration]
   98 |         memset(receiveBuffer, 0, buffer_size);
      |         ^~~~~~
../Core/Src/main.c:98:9: note: include '<string.h>' or provide a declaration of 'memset'
../Core/Src/main.c:98:9: warning: incompatible implicit declaration of built-in function 'memset' [-Wbuiltin-declaration-mismatch]
../Core/Src/main.c:98:9: note: include '<string.h>' or provide a declaration of 'memset'
arm-none-eabi-gcc -o "ROOM_TEMPERATURE.elf" @"objects.list"   -mcpu=cortex-m7 -T"C:\Users\febe\STM_Temperature_Control\ROOM_TEMPERATURE\STM32F746ZGTX_FLASH.ld" --specs=nosys.specs -Wl,-Map="ROOM_TEMPERATURE.map" -Wl,--gc-sections -static -u _printf_float --specs=nano.specs -mfpu=fpv5-sp-d16 -mfloat-abi=hard -mthumb -Wl,--start-group -lc -lm -Wl,--end-group
Finished building target: ROOM_TEMPERATURE.elf
 
arm-none-eabi-size  ROOM_TEMPERATURE.elf 
arm-none-eabi-objdump -h -S ROOM_TEMPERATURE.elf  > "ROOM_TEMPERATURE.list"
   text	   data	    bss	    dec	    hex	filename
  47176	    792	   4088	  52056	   cb58	ROOM_TEMPERATURE.elf
Finished building: default.size.stdout
 
Finished building: ROOM_TEMPERATURE.list
 
14:58:08 **** Incremental Build of configuration Debug for project ROOM_TEMPERATURE ****
make -j12 all 
arm-none-eabi-gcc "../Core/Src/main.c" -mcpu=cortex-m7 -std=gnu11 -g3 -DDEBUG -DUSE_HAL_DRIVER -DSTM32F746xx -c -I../Core/Inc -I../Drivers/STM32F7xx_HAL_Driver/Inc -I../Drivers/STM32F7xx_HAL_Driver/Inc/Legacy -I../Drivers/CMSIS/Device/ST/STM32F7xx/Include -I../Drivers/CMSIS/Include -O0 -ffunction-sections -fdata-sections -Wall -fstack-usage -fcyclomatic-complexity -MMD -MP -MF"Core/Src/main.d" -MT"Core/Src/main.o" --specs=nano.specs -mfpu=fpv5-sp-d16 -mfloat-abi=hard -mthumb -o "Core/Src/main.o"
../Core/Src/main.c: In function 'processCommand':
../Core/Src/main.c:66:9: warning: implicit declaration of function 'strncmp' [-Wimplicit-function-declaration]
   66 |     if (strncmp(command, "READREF", 7) == 0) // Use strncmp to avoid trailing spaces
      |         ^~~~~~~
../Core/Src/main.c:33:1: note: include '<string.h>' or provide a declaration of 'strncmp'
   32 | #include "BMPXX80.h"
  +++ |+#include <string.h>
   33 | /* USER CODE END Includes */
../Core/Src/main.c:66:37: warning: 'strncmp' argument 3 type is 'int' where 'unsigned int' is expected in a call to built-in function declared without prototype [-Wbuiltin-declaration-mismatch]
   66 |     if (strncmp(command, "READREF", 7) == 0) // Use strncmp to avoid trailing spaces
      |                                     ^
<built-in>: note: built-in 'strncmp' declared here
../Core/Src/main.c:70:42: warning: 'strncmp' argument 3 type is 'int' where 'unsigned int' is expected in a call to built-in function declared without prototype [-Wbuiltin-declaration-mismatch]
   70 |     else if (strncmp(command, "READSET", 7) == 0)
      |                                          ^
<built-in>: note: built-in 'strncmp' declared here
../Core/Src/main.c:74:42: warning: 'strncmp' argument 3 type is 'int' where 'unsigned int' is expected in a call to built-in function declared without prototype [-Wbuiltin-declaration-mismatch]
   74 |     else if (strncmp(command, "READPWM", 7) == 0)
      |                                          ^
<built-in>: note: built-in 'strncmp' declared here
../Core/Src/main.c:84:42: warning: implicit declaration of function 'strlen' [-Wimplicit-function-declaration]
   84 |     HAL_UART_Transmit(&huart3, txBuffer, strlen((char *)txBuffer), 1000);
      |                                          ^~~~~~
../Core/Src/main.c:84:42: note: include '<string.h>' or provide a declaration of 'strlen'
../Core/Src/main.c:84:42: warning: incompatible implicit declaration of built-in function 'strlen' [-Wbuiltin-declaration-mismatch]
../Core/Src/main.c:84:42: note: include '<string.h>' or provide a declaration of 'strlen'
../Core/Src/main.c: In function 'HAL_UART_RxCpltCallback':
../Core/Src/main.c:98:9: warning: implicit declaration of function 'memset' [-Wimplicit-function-declaration]
   98 |         memset(receiveBuffer, 0, buffer_size);
      |         ^~~~~~
../Core/Src/main.c:98:9: note: include '<string.h>' or provide a declaration of 'memset'
../Core/Src/main.c:98:9: warning: incompatible implicit declaration of built-in function 'memset' [-Wbuiltin-declaration-mismatch]
../Core/Src/main.c:98:9: note: include '<string.h>' or provide a declaration of 'memset'
../Core/Src/main.c: In function 'main':
../Core/Src/main.c:220:66: warning: incompatible implicit declaration of built-in function 'strlen' [-Wbuiltin-declaration-mismatch]
  220 |           HAL_UART_Transmit(&huart3, (uint8_t *)"UART Test\r\n", strlen("UART Test\r\n"), HAL_MAX_DELAY);
      |                                                                  ^~~~~~
../Core/Src/main.c:220:66: note: include '<string.h>' or provide a declaration of 'strlen'
arm-none-eabi-gcc -o "ROOM_TEMPERATURE.elf" @"objects.list"   -mcpu=cortex-m7 -T"C:\Users\febe\STM_Temperature_Control\ROOM_TEMPERATURE\STM32F746ZGTX_FLASH.ld" --specs=nosys.specs -Wl,-Map="ROOM_TEMPERATURE.map" -Wl,--gc-sections -static -u _printf_float --specs=nano.specs -mfpu=fpv5-sp-d16 -mfloat-abi=hard -mthumb -Wl,--start-group -lc -lm -Wl,--end-group
Finished building target: ROOM_TEMPERATURE.elf
 
arm-none-eabi-size  ROOM_TEMPERATURE.elf 
arm-none-eabi-objdump -h -S ROOM_TEMPERATURE.elf  > "ROOM_TEMPERATURE.list"
   text	   data	    bss	    dec	    hex	filename
  47284	    792	   4088	  52164	   cbc4	ROOM_TEMPERATURE.elf
Finished building: default.size.stdout
 
Finished building: ROOM_TEMPERATURE.list
 
14:58:43 **** Incremental Build of configuration Debug for project ROOM_TEMPERATURE ****
make -j12 all 
arm-none-eabi-gcc "../Core/Src/main.c" -mcpu=cortex-m7 -std=gnu11 -g3 -DDEBUG -DUSE_HAL_DRIVER -DSTM32F746xx -c -I../Core/Inc -I../Drivers/STM32F7xx_HAL_Driver/Inc -I../Drivers/STM32F7xx_HAL_Driver/Inc/Legacy -I../Drivers/CMSIS/Device/ST/STM32F7xx/Include -I../Drivers/CMSIS/Include -O0 -ffunction-sections -fdata-sections -Wall -fstack-usage -fcyclomatic-complexity -MMD -MP -MF"Core/Src/main.d" -MT"Core/Src/main.o" --specs=nano.specs -mfpu=fpv5-sp-d16 -mfloat-abi=hard -mthumb -o "Core/Src/main.o"
../Core/Src/main.c: In function 'processCommand':
../Core/Src/main.c:66:9: warning: implicit declaration of function 'strncmp' [-Wimplicit-function-declaration]
   66 |     if (strncmp(command, "READREF", 7) == 0) // Use strncmp to avoid trailing spaces
      |         ^~~~~~~
../Core/Src/main.c:33:1: note: include '<string.h>' or provide a declaration of 'strncmp'
   32 | #include "BMPXX80.h"
  +++ |+#include <string.h>
   33 | /* USER CODE END Includes */
../Core/Src/main.c:66:37: warning: 'strncmp' argument 3 type is 'int' where 'unsigned int' is expected in a call to built-in function declared without prototype [-Wbuiltin-declaration-mismatch]
   66 |     if (strncmp(command, "READREF", 7) == 0) // Use strncmp to avoid trailing spaces
      |                                     ^
<built-in>: note: built-in 'strncmp' declared here
../Core/Src/main.c:70:42: warning: 'strncmp' argument 3 type is 'int' where 'unsigned int' is expected in a call to built-in function declared without prototype [-Wbuiltin-declaration-mismatch]
   70 |     else if (strncmp(command, "READSET", 7) == 0)
      |                                          ^
<built-in>: note: built-in 'strncmp' declared here
../Core/Src/main.c:74:42: warning: 'strncmp' argument 3 type is 'int' where 'unsigned int' is expected in a call to built-in function declared without prototype [-Wbuiltin-declaration-mismatch]
   74 |     else if (strncmp(command, "READPWM", 7) == 0)
      |                                          ^
<built-in>: note: built-in 'strncmp' declared here
../Core/Src/main.c:84:42: warning: implicit declaration of function 'strlen' [-Wimplicit-function-declaration]
   84 |     HAL_UART_Transmit(&huart3, txBuffer, strlen((char *)txBuffer), 1000);
      |                                          ^~~~~~
../Core/Src/main.c:84:42: note: include '<string.h>' or provide a declaration of 'strlen'
../Core/Src/main.c:84:42: warning: incompatible implicit declaration of built-in function 'strlen' [-Wbuiltin-declaration-mismatch]
../Core/Src/main.c:84:42: note: include '<string.h>' or provide a declaration of 'strlen'
../Core/Src/main.c: In function 'HAL_UART_RxCpltCallback':
../Core/Src/main.c:98:9: warning: implicit declaration of function 'memset' [-Wimplicit-function-declaration]
   98 |         memset(receiveBuffer, 0, buffer_size);
      |         ^~~~~~
../Core/Src/main.c:98:9: note: include '<string.h>' or provide a declaration of 'memset'
../Core/Src/main.c:98:9: warning: incompatible implicit declaration of built-in function 'memset' [-Wbuiltin-declaration-mismatch]
../Core/Src/main.c:98:9: note: include '<string.h>' or provide a declaration of 'memset'
arm-none-eabi-gcc -o "ROOM_TEMPERATURE.elf" @"objects.list"   -mcpu=cortex-m7 -T"C:\Users\febe\STM_Temperature_Control\ROOM_TEMPERATURE\STM32F746ZGTX_FLASH.ld" --specs=nosys.specs -Wl,-Map="ROOM_TEMPERATURE.map" -Wl,--gc-sections -static -u _printf_float --specs=nano.specs -mfpu=fpv5-sp-d16 -mfloat-abi=hard -mthumb -Wl,--start-group -lc -lm -Wl,--end-group
Finished building target: ROOM_TEMPERATURE.elf
 
arm-none-eabi-size  ROOM_TEMPERATURE.elf 
arm-none-eabi-objdump -h -S ROOM_TEMPERATURE.elf  > "ROOM_TEMPERATURE.list"
   text	   data	    bss	    dec	    hex	filename
  47244	    792	   4088	  52124	   cb9c	ROOM_TEMPERATURE.elf
Finished building: default.size.stdout
 
Finished building: ROOM_TEMPERATURE.list
 
15:18:19 **** Incremental Build of configuration Debug for project ROOM_TEMPERATURE ****
make -j12 all 
arm-none-eabi-gcc "../Core/Src/main.c" -mcpu=cortex-m7 -std=gnu11 -g3 -DDEBUG -DUSE_HAL_DRIVER -DSTM32F746xx -c -I../Core/Inc -I../Drivers/STM32F7xx_HAL_Driver/Inc -I../Drivers/STM32F7xx_HAL_Driver/Inc/Legacy -I../Drivers/CMSIS/Device/ST/STM32F7xx/Include -I../Drivers/CMSIS/Include -O0 -ffunction-sections -fdata-sections -Wall -fstack-usage -fcyclomatic-complexity -MMD -MP -MF"Core/Src/main.d" -MT"Core/Src/main.o" --specs=nano.specs -mfpu=fpv5-sp-d16 -mfloat-abi=hard -mthumb -o "Core/Src/main.o"
../Core/Src/main.c: In function 'HAL_TIM_PeriodElapsedCallback':
../Core/Src/main.c:118:17: error: incompatible type for argument 1 of 'sprintf'
  118 |         sprintf(current_temp_uart, "Current temperature: %.2f\n\r", current_temperature_f);
      |                 ^~~~~~~~~~~~~~~~~
      |                 |
      |                 float
In file included from ../Core/Src/main.c:31:
C:\ST\STM32CubeIDE_1.16.1\STM32CubeIDE\plugins\com.st.stm32cube.ide.mcu.externaltools.gnu-tools-for-stm32.12.3.rel1.win32_1.1.0.202410251130\tools\bin/../lib/gcc/arm-none-eabi/12.3.1/../../../../arm-none-eabi/include/stdio.h:250:18: note: expected 'char * restrict' but argument is of type 'float'
  250 | int     sprintf (char *__restrict, const char *__restrict, ...)
      |                  ^
../Core/Src/main.c:119:9: error: cannot convert to a pointer type
  119 |         HAL_UART_Transmit(&huart3, (uint8_t *)current_temp_uart, sizeof(current_temp_uart) - 1, 1000);
      |         ^~~~~~~~~~~~~~~~~
make: *** [Core/Src/subdir.mk:58: Core/Src/main.o] Error 1
"make -j12 all" terminated with exit code 2. Build might be incomplete.
15:18:42 **** Incremental Build of configuration Debug for project ROOM_TEMPERATURE ****
make -j12 all 
arm-none-eabi-gcc "../Core/Src/main.c" -mcpu=cortex-m7 -std=gnu11 -g3 -DDEBUG -DUSE_HAL_DRIVER -DSTM32F746xx -c -I../Core/Inc -I../Drivers/STM32F7xx_HAL_Driver/Inc -I../Drivers/STM32F7xx_HAL_Driver/Inc/Legacy -I../Drivers/CMSIS/Device/ST/STM32F7xx/Include -I../Drivers/CMSIS/Include -O0 -ffunction-sections -fdata-sections -Wall -fstack-usage -fcyclomatic-complexity -MMD -MP -MF"Core/Src/main.d" -MT"Core/Src/main.o" --specs=nano.specs -mfpu=fpv5-sp-d16 -mfloat-abi=hard -mthumb -o "Core/Src/main.o"
../Core/Src/main.c: In function 'HAL_TIM_PeriodElapsedCallback':
../Core/Src/main.c:118:17: warning: passing argument 1 of 'sprintf' makes pointer from integer without a cast [-Wint-conversion]
  118 |         sprintf(current_temp_uart, "Current temperature: %.2f\n\r", current_temperature_f);
      |                 ^~~~~~~~~~~~~~~~~
      |                 |
      |                 char
In file included from ../Core/Src/main.c:31:
C:\ST\STM32CubeIDE_1.16.1\STM32CubeIDE\plugins\com.st.stm32cube.ide.mcu.externaltools.gnu-tools-for-stm32.12.3.rel1.win32_1.1.0.202410251130\tools\bin/../lib/gcc/arm-none-eabi/12.3.1/../../../../arm-none-eabi/include/stdio.h:250:18: note: expected 'char * restrict' but argument is of type 'char'
  250 | int     sprintf (char *__restrict, const char *__restrict, ...)
      |                  ^
../Core/Src/main.c:119:36: warning: cast to pointer from integer of different size [-Wint-to-pointer-cast]
  119 |         HAL_UART_Transmit(&huart3, (uint8_t *)current_temp_uart, sizeof(current_temp_uart) - 1, 1000);
      |                                    ^
arm-none-eabi-gcc -o "ROOM_TEMPERATURE.elf" @"objects.list"   -mcpu=cortex-m7 -T"C:\Users\febe\STM_Temperature_Control\ROOM_TEMPERATURE\STM32F746ZGTX_FLASH.ld" --specs=nosys.specs -Wl,-Map="ROOM_TEMPERATURE.map" -Wl,--gc-sections -static -u _printf_float --specs=nano.specs -mfpu=fpv5-sp-d16 -mfloat-abi=hard -mthumb -Wl,--start-group -lc -lm -Wl,--end-group
Finished building target: ROOM_TEMPERATURE.elf
 
arm-none-eabi-size  ROOM_TEMPERATURE.elf 
arm-none-eabi-objdump -h -S ROOM_TEMPERATURE.elf  > "ROOM_TEMPERATURE.list"
   text	   data	    bss	    dec	    hex	filename
  46808	    792	   4040	  51640	   c9b8	ROOM_TEMPERATURE.elf
Finished building: default.size.stdout
 
Finished building: ROOM_TEMPERATURE.list
 
15:20:18 **** Incremental Build of configuration Debug for project ROOM_TEMPERATURE ****
make -j12 all 
arm-none-eabi-gcc "../Core/Src/main.c" -mcpu=cortex-m7 -std=gnu11 -g3 -DDEBUG -DUSE_HAL_DRIVER -DSTM32F746xx -c -I../Core/Inc -I../Drivers/STM32F7xx_HAL_Driver/Inc -I../Drivers/STM32F7xx_HAL_Driver/Inc/Legacy -I../Drivers/CMSIS/Device/ST/STM32F7xx/Include -I../Drivers/CMSIS/Include -O0 -ffunction-sections -fdata-sections -Wall -fstack-usage -fcyclomatic-complexity -MMD -MP -MF"Core/Src/main.d" -MT"Core/Src/main.o" --specs=nano.specs -mfpu=fpv5-sp-d16 -mfloat-abi=hard -mthumb -o "Core/Src/main.o"
../Core/Src/main.c: In function 'HAL_TIM_PeriodElapsedCallback':
../Core/Src/main.c:119:66: warning: implicit declaration of function 'strlen' [-Wimplicit-function-declaration]
  119 |         HAL_UART_Transmit(&huart3, (uint8_t *)current_temp_uart, strlen(current_temp_uart), 1000);
      |                                                                  ^~~~~~
../Core/Src/main.c:33:1: note: include '<string.h>' or provide a declaration of 'strlen'
   32 | #include "BMPXX80.h"
  +++ |+#include <string.h>
   33 | /* USER CODE END Includes */
../Core/Src/main.c:119:66: warning: incompatible implicit declaration of built-in function 'strlen' [-Wbuiltin-declaration-mismatch]
  119 |         HAL_UART_Transmit(&huart3, (uint8_t *)current_temp_uart, strlen(current_temp_uart), 1000);
      |                                                                  ^~~~~~
../Core/Src/main.c:119:66: note: include '<string.h>' or provide a declaration of 'strlen'
arm-none-eabi-gcc -o "ROOM_TEMPERATURE.elf" @"objects.list"   -mcpu=cortex-m7 -T"C:\Users\febe\STM_Temperature_Control\ROOM_TEMPERATURE\STM32F746ZGTX_FLASH.ld" --specs=nosys.specs -Wl,-Map="ROOM_TEMPERATURE.map" -Wl,--gc-sections -static -u _printf_float --specs=nano.specs -mfpu=fpv5-sp-d16 -mfloat-abi=hard -mthumb -Wl,--start-group -lc -lm -Wl,--end-group
Finished building target: ROOM_TEMPERATURE.elf
 
arm-none-eabi-size  ROOM_TEMPERATURE.elf 
arm-none-eabi-objdump -h -S ROOM_TEMPERATURE.elf  > "ROOM_TEMPERATURE.list"
   text	   data	    bss	    dec	    hex	filename
  46808	    792	   4088	  51688	   c9e8	ROOM_TEMPERATURE.elf
Finished building: default.size.stdout
 
Finished building: ROOM_TEMPERATURE.list
 
15:21:49 **** Incremental Build of configuration Debug for project ROOM_TEMPERATURE ****
make -j12 all 
arm-none-eabi-gcc "../Core/Src/main.c" -mcpu=cortex-m7 -std=gnu11 -g3 -DDEBUG -DUSE_HAL_DRIVER -DSTM32F746xx -c -I../Core/Inc -I../Drivers/STM32F7xx_HAL_Driver/Inc -I../Drivers/STM32F7xx_HAL_Driver/Inc/Legacy -I../Drivers/CMSIS/Device/ST/STM32F7xx/Include -I../Drivers/CMSIS/Include -O0 -ffunction-sections -fdata-sections -Wall -fstack-usage -fcyclomatic-complexity -MMD -MP -MF"Core/Src/main.d" -MT"Core/Src/main.o" --specs=nano.specs -mfpu=fpv5-sp-d16 -mfloat-abi=hard -mthumb -o "Core/Src/main.o"
../Core/Src/main.c: In function 'HAL_TIM_PeriodElapsedCallback':
../Core/Src/main.c:122:62: warning: implicit declaration of function 'strlen' [-Wimplicit-function-declaration]
  122 |         HAL_UART_Transmit(&huart3, (uint8_t *)combined_uart, strlen(combined_uart), 1000);
      |                                                              ^~~~~~
../Core/Src/main.c:33:1: note: include '<string.h>' or provide a declaration of 'strlen'
   32 | #include "BMPXX80.h"
  +++ |+#include <string.h>
   33 | /* USER CODE END Includes */
../Core/Src/main.c:122:62: warning: incompatible implicit declaration of built-in function 'strlen' [-Wbuiltin-declaration-mismatch]
  122 |         HAL_UART_Transmit(&huart3, (uint8_t *)combined_uart, strlen(combined_uart), 1000);
      |                                                              ^~~~~~
../Core/Src/main.c:122:62: note: include '<string.h>' or provide a declaration of 'strlen'
../Core/Src/main.c: At top level:
../Core/Src/main.c:125:1: error: expected identifier or '(' before '}' token
  125 | }
      | ^
make: *** [Core/Src/subdir.mk:58: Core/Src/main.o] Error 1
"make -j12 all" terminated with exit code 2. Build might be incomplete.
15:22:00 **** Incremental Build of configuration Debug for project ROOM_TEMPERATURE ****
make -j12 all 
arm-none-eabi-gcc "../Core/Src/main.c" -mcpu=cortex-m7 -std=gnu11 -g3 -DDEBUG -DUSE_HAL_DRIVER -DSTM32F746xx -c -I../Core/Inc -I../Drivers/STM32F7xx_HAL_Driver/Inc -I../Drivers/STM32F7xx_HAL_Driver/Inc/Legacy -I../Drivers/CMSIS/Device/ST/STM32F7xx/Include -I../Drivers/CMSIS/Include -O0 -ffunction-sections -fdata-sections -Wall -fstack-usage -fcyclomatic-complexity -MMD -MP -MF"Core/Src/main.d" -MT"Core/Src/main.o" --specs=nano.specs -mfpu=fpv5-sp-d16 -mfloat-abi=hard -mthumb -o "Core/Src/main.o"
../Core/Src/main.c: In function 'HAL_TIM_PeriodElapsedCallback':
../Core/Src/main.c:122:62: warning: implicit declaration of function 'strlen' [-Wimplicit-function-declaration]
  122 |         HAL_UART_Transmit(&huart3, (uint8_t *)combined_uart, strlen(combined_uart), 1000);
      |                                                              ^~~~~~
../Core/Src/main.c:33:1: note: include '<string.h>' or provide a declaration of 'strlen'
   32 | #include "BMPXX80.h"
  +++ |+#include <string.h>
   33 | /* USER CODE END Includes */
../Core/Src/main.c:122:62: warning: incompatible implicit declaration of built-in function 'strlen' [-Wbuiltin-declaration-mismatch]
  122 |         HAL_UART_Transmit(&huart3, (uint8_t *)combined_uart, strlen(combined_uart), 1000);
      |                                                              ^~~~~~
../Core/Src/main.c:122:62: note: include '<string.h>' or provide a declaration of 'strlen'
arm-none-eabi-gcc -o "ROOM_TEMPERATURE.elf" @"objects.list"   -mcpu=cortex-m7 -T"C:\Users\febe\STM_Temperature_Control\ROOM_TEMPERATURE\STM32F746ZGTX_FLASH.ld" --specs=nosys.specs -Wl,-Map="ROOM_TEMPERATURE.map" -Wl,--gc-sections -static -u _printf_float --specs=nano.specs -mfpu=fpv5-sp-d16 -mfloat-abi=hard -mthumb -Wl,--start-group -lc -lm -Wl,--end-group
Finished building target: ROOM_TEMPERATURE.elf
 
arm-none-eabi-size  ROOM_TEMPERATURE.elf 
arm-none-eabi-objdump -h -S ROOM_TEMPERATURE.elf  > "ROOM_TEMPERATURE.list"
   text	   data	    bss	    dec	    hex	filename
  46888	    792	   4040	  51720	   ca08	ROOM_TEMPERATURE.elf
Finished building: default.size.stdout
 
Finished building: ROOM_TEMPERATURE.list
 
15:22:45 **** Incremental Build of configuration Debug for project ROOM_TEMPERATURE ****
make -j12 all 
arm-none-eabi-gcc "../Core/Src/main.c" -mcpu=cortex-m7 -std=gnu11 -g3 -DDEBUG -DUSE_HAL_DRIVER -DSTM32F746xx -c -I../Core/Inc -I../Drivers/STM32F7xx_HAL_Driver/Inc -I../Drivers/STM32F7xx_HAL_Driver/Inc/Legacy -I../Drivers/CMSIS/Device/ST/STM32F7xx/Include -I../Drivers/CMSIS/Include -O0 -ffunction-sections -fdata-sections -Wall -fstack-usage -fcyclomatic-complexity -MMD -MP -MF"Core/Src/main.d" -MT"Core/Src/main.o" --specs=nano.specs -mfpu=fpv5-sp-d16 -mfloat-abi=hard -mthumb -o "Core/Src/main.o"
../Core/Src/main.c: In function 'HAL_TIM_PeriodElapsedCallback':
../Core/Src/main.c:122:62: warning: implicit declaration of function 'strlen' [-Wimplicit-function-declaration]
  122 |         HAL_UART_Transmit(&huart3, (uint8_t *)combined_uart, strlen(combined_uart), 1000);
      |                                                              ^~~~~~
../Core/Src/main.c:33:1: note: include '<string.h>' or provide a declaration of 'strlen'
   32 | #include "BMPXX80.h"
  +++ |+#include <string.h>
   33 | /* USER CODE END Includes */
../Core/Src/main.c:122:62: warning: incompatible implicit declaration of built-in function 'strlen' [-Wbuiltin-declaration-mismatch]
  122 |         HAL_UART_Transmit(&huart3, (uint8_t *)combined_uart, strlen(combined_uart), 1000);
      |                                                              ^~~~~~
../Core/Src/main.c:122:62: note: include '<string.h>' or provide a declaration of 'strlen'
arm-none-eabi-gcc -o "ROOM_TEMPERATURE.elf" @"objects.list"   -mcpu=cortex-m7 -T"C:\Users\febe\STM_Temperature_Control\ROOM_TEMPERATURE\STM32F746ZGTX_FLASH.ld" --specs=nosys.specs -Wl,-Map="ROOM_TEMPERATURE.map" -Wl,--gc-sections -static -u _printf_float --specs=nano.specs -mfpu=fpv5-sp-d16 -mfloat-abi=hard -mthumb -Wl,--start-group -lc -lm -Wl,--end-group
Finished building target: ROOM_TEMPERATURE.elf
 
arm-none-eabi-size  ROOM_TEMPERATURE.elf 
arm-none-eabi-objdump -h -S ROOM_TEMPERATURE.elf  > "ROOM_TEMPERATURE.list"
   text	   data	    bss	    dec	    hex	filename
  46888	    792	   4040	  51720	   ca08	ROOM_TEMPERATURE.elf
Finished building: default.size.stdout
 
Finished building: ROOM_TEMPERATURE.list
 
